Log file open, 04/18/17 16:03:47
LogInit:Display: Running engine for game: CrowdSim
LogPlatformFile: Not using cached read wrapper
LogInit:Display: RandInit(-1385977132) SRandInit(-1385977132).
LogTaskGraph: Started task graph with 5 named threads and 6 total threads with 1 sets of task threads.
LogStats: Stats thread started at 0.934170
LogPluginManager: Loaded Plugin Paper2D, From C:/Program Files/Epic Games/UE_4.14/Engine/Plugins/2D/Paper2D/Paper2D.uplugin
LogPluginManager: Loaded Plugin LightPropagationVolume, From C:/Program Files/Epic Games/UE_4.14/Engine/Plugins/Blendables/LightPropagationVolume/LightPropagationVolume.uplugin
LogPluginManager: Loaded Plugin BlankPlugin, From C:/Program Files/Epic Games/UE_4.14/Engine/Plugins/Developer/BlankPlugin/BlankPlugin.uplugin
LogPluginManager: Loaded Plugin CodeLiteSourceCodeAccess, From C:/Program Files/Epic Games/UE_4.14/Engine/Plugins/Developer/CodeLiteSourceCodeAccess/CodeLiteSourceCodeAccess.uplugin
LogPluginManager: Loaded Plugin GitSourceControl, From C:/Program Files/Epic Games/UE_4.14/Engine/Plugins/Developer/GitSourceControl/GitSourceControl.uplugin
LogPluginManager: Loaded Plugin KDevelopSourceCodeAccess, From C:/Program Files/Epic Games/UE_4.14/Engine/Plugins/Developer/KDevelopSourceCodeAccess/KDevelopSourceCodeAccess.uplugin
LogPluginManager: Loaded Plugin NullSourceCodeAccess, From C:/Program Files/Epic Games/UE_4.14/Engine/Plugins/Developer/NullSourceCodeAccess/NullSourceCodeAccess.uplugin
LogPluginManager: Loaded Plugin OneSkyLocalizationService, From C:/Program Files/Epic Games/UE_4.14/Engine/Plugins/Developer/OneSkyLocalizationService/OneSkyLocalizationService.uplugin
LogPluginManager: Loaded Plugin PerforceSourceControl, From C:/Program Files/Epic Games/UE_4.14/Engine/Plugins/Developer/PerforceSourceControl/PerforceSourceControl.uplugin
LogPluginManager: Loaded Plugin SubversionSourceControl, From C:/Program Files/Epic Games/UE_4.14/Engine/Plugins/Developer/SubversionSourceControl/SubversionSourceControl.uplugin
LogPluginManager: Loaded Plugin UObjectPlugin, From C:/Program Files/Epic Games/UE_4.14/Engine/Plugins/Developer/UObjectPlugin/UObjectPlugin.uplugin
LogPluginManager: Loaded Plugin VisualStudioSourceCodeAccess, From C:/Program Files/Epic Games/UE_4.14/Engine/Plugins/Developer/VisualStudioSourceCodeAccess/VisualStudioSourceCodeAccess.uplugin
LogPluginManager: Loaded Plugin XCodeSourceCodeAccess, From C:/Program Files/Epic Games/UE_4.14/Engine/Plugins/Developer/XCodeSourceCodeAccess/XCodeSourceCodeAccess.uplugin
LogPluginManager: Loaded Plugin AudioCapture, From C:/Program Files/Epic Games/UE_4.14/Engine/Plugins/Editor/AudioCapture/AudioCapture.uplugin
LogPluginManager: Loaded Plugin EpicSurvey, From C:/Program Files/Epic Games/UE_4.14/Engine/Plugins/Editor/EpicSurvey/EpicSurvey.uplugin
LogPluginManager: Loaded Plugin MacGraphicsSwitching, From C:/Program Files/Epic Games/UE_4.14/Engine/Plugins/Editor/MacGraphicsSwitching/MacGraphicsSwitching.uplugin
LogPluginManager: Loaded Plugin MobileLauncherProfileWizard, From C:/Program Files/Epic Games/UE_4.14/Engine/Plugins/Editor/MobileLauncherProfileWizard/MobileLauncherProfileWizard.uplugin
LogPluginManager: Loaded Plugin PluginBrowser, From C:/Program Files/Epic Games/UE_4.14/Engine/Plugins/Editor/PluginBrowser/PluginBrowser.uplugin
LogPluginManager: Loaded Plugin SpeedTreeImporter, From C:/Program Files/Epic Games/UE_4.14/Engine/Plugins/Editor/SpeedTreeImporter/SpeedTreeImporter.uplugin
LogPluginManager: Loaded Plugin SuperSearchEditor, From C:/Program Files/Epic Games/UE_4.14/Engine/Plugins/Editor/SuperSearchEditor/SuperSearchEditor.uplugin
LogPluginManager: Loaded Plugin AlembicImporter, From C:/Program Files/Epic Games/UE_4.14/Engine/Plugins/Experimental/AlembicImporter/AlembicImporter.uplugin
LogPluginManager: Loaded Plugin BlueprintStats, From C:/Program Files/Epic Games/UE_4.14/Engine/Plugins/Experimental/BlueprintStats/BlueprintStats.uplugin
LogPluginManager: Loaded Plugin CharacterAI, From C:/Program Files/Epic Games/UE_4.14/Engine/Plugins/Experimental/CharacterAI/CharacterAI.uplugin
LogPluginManager: Loaded Plugin CodeEditor, From C:/Program Files/Epic Games/UE_4.14/Engine/Plugins/Experimental/CodeEditor/CodeEditor.uplugin
LogPluginManager: Loaded Plugin CodeView, From C:/Program Files/Epic Games/UE_4.14/Engine/Plugins/Experimental/CodeView/CodeView.uplugin
LogPluginManager: Loaded Plugin HTML5Networking, From C:/Program Files/Epic Games/UE_4.14/Engine/Plugins/Experimental/HTML5Networking/HTML5Networking.uplugin
LogPluginManager: Loaded Plugin OSVR, From C:/Program Files/Epic Games/UE_4.14/Engine/Plugins/Experimental/OSVR/OSVR.uplugin
LogPluginManager: Loaded Plugin Phya, From C:/Program Files/Epic Games/UE_4.14/Engine/Plugins/Experimental/Phya/Phya.uplugin
LogPluginManager: Loaded Plugin SignificanceManager, From C:/Program Files/Epic Games/UE_4.14/Engine/Plugins/Experimental/SignificanceManager/SignificanceManager.uplugin
LogPluginManager: Loaded Plugin SimpleHMD, From C:/Program Files/Epic Games/UE_4.14/Engine/Plugins/Experimental/SimpleHMD/SimpleHMD.uplugin
LogPluginManager: Loaded Plugin StereoPanorama, From C:/Program Files/Epic Games/UE_4.14/Engine/Plugins/Experimental/StereoPanorama/StereoPanorama.uplugin
LogPluginManager: Loaded Plugin StructBox, From C:/Program Files/Epic Games/UE_4.14/Engine/Plugins/Experimental/StructBox/StructBox.uplugin
LogPluginManager: Loaded Plugin AndroidMedia, From C:/Program Files/Epic Games/UE_4.14/Engine/Plugins/Media/AndroidMedia/AndroidMedia.uplugin
LogPluginManager: Loaded Plugin AvfMedia, From C:/Program Files/Epic Games/UE_4.14/Engine/Plugins/Media/AvfMedia/AvfMedia.uplugin
LogPluginManager: Loaded Plugin MediaPlayerEditor, From C:/Program Files/Epic Games/UE_4.14/Engine/Plugins/Media/MediaPlayerEditor/MediaPlayerEditor.uplugin
LogPluginManager: Loaded Plugin WmfMedia, From C:/Program Files/Epic Games/UE_4.14/Engine/Plugins/Media/WmfMedia/WmfMedia.uplugin
LogPluginManager: Loaded Plugin MessagingDebugger, From C:/Program Files/Epic Games/UE_4.14/Engine/Plugins/Messaging/MessagingDebugger/MessagingDebugger.uplugin
LogPluginManager: Loaded Plugin TcpMessaging, From C:/Program Files/Epic Games/UE_4.14/Engine/Plugins/Messaging/TcpMessaging/TcpMessaging.uplugin
LogPluginManager: Loaded Plugin UdpMessaging, From C:/Program Files/Epic Games/UE_4.14/Engine/Plugins/Messaging/UdpMessaging/UdpMessaging.uplugin
LogPluginManager: Loaded Plugin LevelSequenceEditor, From C:/Program Files/Epic Games/UE_4.14/Engine/Plugins/MovieScene/LevelSequenceEditor/LevelSequenceEditor.uplugin
LogPluginManager: Loaded Plugin MatineeToLevelSequence, From C:/Program Files/Epic Games/UE_4.14/Engine/Plugins/MovieScene/MatineeToLevelSequence/MatineeToLevelSequence.uplugin
LogPluginManager: Loaded Plugin NetcodeUnitTest, From C:/Program Files/Epic Games/UE_4.14/Engine/Plugins/NetcodeUnitTest/NetcodeUnitTest/NetcodeUnitTest.uplugin
LogPluginManager: Loaded Plugin NUTUnrealEngine4, From C:/Program Files/Epic Games/UE_4.14/Engine/Plugins/NetcodeUnitTest/NUTUnrealEngine4/NUTUnrealEngine4.uplugin
LogPluginManager: Loaded Plugin OnlineSubsystemGameCircle, From C:/Program Files/Epic Games/UE_4.14/Engine/Plugins/Online/Android/OnlineSubsystemGameCircle/OnlineSubsystemGameCircle.uplugin
LogPluginManager: Loaded Plugin OnlineSubsystemGooglePlay, From C:/Program Files/Epic Games/UE_4.14/Engine/Plugins/Online/Android/OnlineSubsystemGooglePlay/OnlineSubsystemGooglePlay.uplugin
LogPluginManager: Loaded Plugin OnlineSubsystemIOS, From C:/Program Files/Epic Games/UE_4.14/Engine/Plugins/Online/IOS/OnlineSubsystemIOS/OnlineSubsystemIOS.uplugin
LogPluginManager: Loaded Plugin OnlineFramework, From C:/Program Files/Epic Games/UE_4.14/Engine/Plugins/Online/OnlineFramework/OnlineFramework.uplugin
LogPluginManager: Loaded Plugin OnlineSubsystem, From C:/Program Files/Epic Games/UE_4.14/Engine/Plugins/Online/OnlineSubsystem/OnlineSubsystem.uplugin
LogPluginManager: Loaded Plugin OnlineSubsystemAmazon, From C:/Program Files/Epic Games/UE_4.14/Engine/Plugins/Online/OnlineSubsystemAmazon/OnlineSubsystemAmazon.uplugin
LogPluginManager: Loaded Plugin OnlineSubsystemFacebook, From C:/Program Files/Epic Games/UE_4.14/Engine/Plugins/Online/OnlineSubsystemFacebook/OnlineSubsystemFacebook.uplugin
LogPluginManager: Loaded Plugin OnlineSubsystemNull, From C:/Program Files/Epic Games/UE_4.14/Engine/Plugins/Online/OnlineSubsystemNull/OnlineSubsystemNull.uplugin
LogPluginManager: Loaded Plugin OnlineSubsystemOculus, From C:/Program Files/Epic Games/UE_4.14/Engine/Plugins/Online/OnlineSubsystemOculus/OnlineSubsystemOculus.uplugin
LogPluginManager: Loaded Plugin OnlineSubsystemSteam, From C:/Program Files/Epic Games/UE_4.14/Engine/Plugins/Online/OnlineSubsystemSteam/OnlineSubsystemSteam.uplugin
LogPluginManager: Loaded Plugin OnlineSubsystemUtils, From C:/Program Files/Epic Games/UE_4.14/Engine/Plugins/Online/OnlineSubsystemUtils/OnlineSubsystemUtils.uplugin
LogPluginManager: Loaded Plugin IOSTapJoy, From C:/Program Files/Epic Games/UE_4.14/Engine/Plugins/Runtime/Advertising/IOSTapJoy/IOSTapJoy.uplugin
LogPluginManager: Loaded Plugin AnalyticsBlueprintLibrary, From C:/Program Files/Epic Games/UE_4.14/Engine/Plugins/Runtime/Analytics/AnalyticsBlueprintLibrary/AnalyticsBlueprintLibrary.uplugin
LogPluginManager: Loaded Plugin AnalyticsMulticast, From C:/Program Files/Epic Games/UE_4.14/Engine/Plugins/Runtime/Analytics/AnalyticsMulticast/AnalyticsMulticast.uplugin
LogPluginManager: Loaded Plugin Apsalar, From C:/Program Files/Epic Games/UE_4.14/Engine/Plugins/Runtime/Analytics/Apsalar/Apsalar.uplugin
LogPluginManager: Loaded Plugin FileLogging, From C:/Program Files/Epic Games/UE_4.14/Engine/Plugins/Runtime/Analytics/FileLogging/FileLogging.uplugin
LogPluginManager: Loaded Plugin Flurry, From C:/Program Files/Epic Games/UE_4.14/Engine/Plugins/Runtime/Analytics/Flurry/Flurry.uplugin
LogPluginManager: Loaded Plugin AndroidDeviceProfileSelector, From C:/Program Files/Epic Games/UE_4.14/Engine/Plugins/Runtime/AndroidDeviceProfileSelector/AndroidDeviceProfileSelector.uplugin
LogPluginManager: Loaded Plugin AndroidMoviePlayer, From C:/Program Files/Epic Games/UE_4.14/Engine/Plugins/Runtime/AndroidMoviePlayer/AndroidMoviePlayer.uplugin
LogPluginManager: Loaded Plugin AppleMoviePlayer, From C:/Program Files/Epic Games/UE_4.14/Engine/Plugins/Runtime/AppleMoviePlayer/AppleMoviePlayer.uplugin
LogPluginManager: Loaded Plugin ArchVisCharacter, From C:/Program Files/Epic Games/UE_4.14/Engine/Plugins/Runtime/ArchVisCharacter/ArchVisCharacter.uplugin
LogPluginManager: Loaded Plugin CableComponent, From C:/Program Files/Epic Games/UE_4.14/Engine/Plugins/Runtime/CableComponent/CableComponent.uplugin
LogPluginManager: Loaded Plugin CustomMeshComponent, From C:/Program Files/Epic Games/UE_4.14/Engine/Plugins/Runtime/CustomMeshComponent/CustomMeshComponent.uplugin
LogPluginManager: Loaded Plugin ExampleDeviceProfileSelector, From C:/Program Files/Epic Games/UE_4.14/Engine/Plugins/Runtime/ExampleDeviceProfileSelector/ExampleDeviceProfileSelector.uplugin
LogPluginManager: Loaded Plugin GearVR, From C:/Program Files/Epic Games/UE_4.14/Engine/Plugins/Runtime/GearVR/GearVR.uplugin
LogPluginManager: Loaded Plugin GoogleVRController, From C:/Program Files/Epic Games/UE_4.14/Engine/Plugins/Runtime/GoogleVR/GoogleVRController/GoogleVRController.uplugin
LogPluginManager: Loaded Plugin GoogleVRHMD, From C:/Program Files/Epic Games/UE_4.14/Engine/Plugins/Runtime/GoogleVR/GoogleVRHMD/GoogleVRHMD.uplugin
LogPluginManager: Loaded Plugin IOSDeviceProfileSelector, From C:/Program Files/Epic Games/UE_4.14/Engine/Plugins/Runtime/IOSDeviceProfileSelector/IOSDeviceProfileSelector.uplugin
LogPluginManager: Loaded Plugin LeapMotion, From C:/Program Files/Epic Games/UE_4.14/Engine/Plugins/Runtime/LeapMotion/LeapMotion.uplugin
LogPluginManager: Loaded Plugin LinuxDeviceProfileSelector, From C:/Program Files/Epic Games/UE_4.14/Engine/Plugins/Runtime/LinuxDeviceProfileSelector/LinuxDeviceProfileSelector.uplugin
LogPluginManager: Loaded Plugin MIDIDevice, From C:/Program Files/Epic Games/UE_4.14/Engine/Plugins/Runtime/MIDIDevice/MIDIDevice.uplugin
LogPluginManager: Loaded Plugin MobilePatchingUtils, From C:/Program Files/Epic Games/UE_4.14/Engine/Plugins/Runtime/MobilePatchingUtils/MobilePatchingUtils.uplugin
LogPluginManager: Loaded Plugin Ansel, From C:/Program Files/Epic Games/UE_4.14/Engine/Plugins/Runtime/Nvidia/Ansel/Ansel.uplugin
LogPluginManager: Loaded Plugin OculusAudio, From C:/Program Files/Epic Games/UE_4.14/Engine/Plugins/Runtime/OculusAudio/OculusAudio.uplugin
LogPluginManager: Loaded Plugin OculusInput, From C:/Program Files/Epic Games/UE_4.14/Engine/Plugins/Runtime/OculusInput/OculusInput.uplugin
LogPluginManager: Loaded Plugin OculusLibrary, From C:/Program Files/Epic Games/UE_4.14/Engine/Plugins/Runtime/OculusLibrary/OculusLibrary.uplugin
LogPluginManager: Loaded Plugin OculusRift, From C:/Program Files/Epic Games/UE_4.14/Engine/Plugins/Runtime/OculusRift/OculusRift.uplugin
LogPluginManager: Loaded Plugin Oodle, From C:/Program Files/Epic Games/UE_4.14/Engine/Plugins/Runtime/PacketHandlers/CompressionComponents/Oodle/Oodle.uplugin
LogPluginManager: Loaded Plugin ProceduralMeshComponent, From C:/Program Files/Epic Games/UE_4.14/Engine/Plugins/Runtime/ProceduralMeshComponent/ProceduralMeshComponent.uplugin
LogPluginManager: Loaded Plugin SoundMod, From C:/Program Files/Epic Games/UE_4.14/Engine/Plugins/Runtime/SoundMod/SoundMod.uplugin
LogPluginManager: Loaded Plugin SoundVisualizations, From C:/Program Files/Epic Games/UE_4.14/Engine/Plugins/Runtime/SoundVisualizations/SoundVisualizations.uplugin
LogPluginManager: Loaded Plugin SteamController, From C:/Program Files/Epic Games/UE_4.14/Engine/Plugins/Runtime/Steam/SteamController/SteamController.uplugin
LogPluginManager: Loaded Plugin SteamVR, From C:/Program Files/Epic Games/UE_4.14/Engine/Plugins/Runtime/Steam/SteamVR/SteamVR.uplugin
LogPluginManager: Loaded Plugin WebBrowserWidget, From C:/Program Files/Epic Games/UE_4.14/Engine/Plugins/Runtime/WebBrowserWidget/WebBrowserWidget.uplugin
LogPluginManager: Loaded Plugin WindowsDeviceProfileSelector, From C:/Program Files/Epic Games/UE_4.14/Engine/Plugins/Runtime/WindowsDeviceProfileSelector/WindowsDeviceProfileSelector.uplugin
LogPluginManager: Loaded Plugin WindowsMoviePlayer, From C:/Program Files/Epic Games/UE_4.14/Engine/Plugins/Runtime/WindowsMoviePlayer/WindowsMoviePlayer.uplugin
LogPluginManager: Loaded Plugin ScriptPlugin, From C:/Program Files/Epic Games/UE_4.14/Engine/Plugins/ScriptPlugin/ScriptPlugin.uplugin
LogPluginManager: Loaded Plugin SlateRemote, From C:/Program Files/Epic Games/UE_4.14/Engine/Plugins/Slate/SlateRemote/SlateRemote.uplugin
LogPluginManager: Loaded Plugin EditorTests, From C:/Program Files/Epic Games/UE_4.14/Engine/Plugins/Tests/EditorTests/EditorTests.uplugin
LogPluginManager: Loaded Plugin FbxAutomationTestBuilder, From C:/Program Files/Epic Games/UE_4.14/Engine/Plugins/Tests/FbxAutomationTestBuilder/FbxAutomationTestBuilder.uplugin
LogPluginManager: Loaded Plugin FunctionalTestingEditor, From C:/Program Files/Epic Games/UE_4.14/Engine/Plugins/Tests/FunctionalTestingEditor/FunctionalTestingEditor.uplugin
LogPluginManager: Loaded Plugin RuntimeTests, From C:/Program Files/Epic Games/UE_4.14/Engine/Plugins/Tests/RuntimeTests/RuntimeTests.uplugin
LogPluginManager: Loaded Plugin ScreenshotTools, From C:/Program Files/Epic Games/UE_4.14/Engine/Plugins/Tests/ScreenshotTools/ScreenshotTools.uplugin
LogInit: Using libcurl 7.47.1
LogInit:  - built for x86_64-pc-win32
LogInit:  - supports SSL with OpenSSL/1.0.2g
LogInit:  - supports HTTP deflate (compression) using libz 1.2.8
LogInit:  - other features:
LogInit:      CURL_VERSION_SSL
LogInit:      CURL_VERSION_LIBZ
LogInit:      CURL_VERSION_IPV6
LogInit:      CURL_VERSION_ASYNCHDNS
LogInit:      CURL_VERSION_LARGEFILE
LogInit:      CURL_VERSION_IDN
LogInit:  CurlRequestOptions (configurable via config and command line):
LogInit:  - bVerifyPeer = false  - Libcurl will NOT verify peer certificate
LogInit:  - bUseHttpProxy = false  - Libcurl will NOT use HTTP proxy
LogInit:  - bDontReuseConnections = false  - Libcurl will reuse connections
LogInit:  - CertBundlePath = nullptr  - Libcurl will use whatever was configured at build time.
LogInit: Build: ++UE4+Release-4.14-CL-3249277
LogInit: Engine Version: 4.14.3-3249277+++UE4+Release-4.14
LogInit: Compatible Engine Version: 4.14.0-3195953+++UE4+Release-4.14
LogInit: Net CL: 3195953
LogDevObjectVersion: Number of dev versions registered: 13
LogDevObjectVersion:   Dev-Blueprints (B0D832E4-1F89-4F0D-ACCF-7EB736FD4AA2): 7
LogDevObjectVersion:   Dev-Build (E1C64328-A22C-4D53-A36C-8E866417BD8C): 0
LogDevObjectVersion:   Dev-Core (375EC13C-06E4-48FB-B500-84F0262A717E): 1
LogDevObjectVersion:   Dev-Editor (E4B068ED-F494-42E9-A231-DA0B2E46BB41): 8
LogDevObjectVersion:   Dev-Framework (CFFC743F-43B0-4480-9391-14DF171D2073): 17
LogDevObjectVersion:   Dev-Mobile (B02B49B5-BB20-44E9-A304-32B752E40360): 0
LogDevObjectVersion:   Dev-Networking (A4E4105C-59A1-49B5-A7C5-40C4547EDFEE): 0
LogDevObjectVersion:   Dev-Online (39C831C9-5AE6-47DC-9A44-9C173E1C8E7C): 0
LogDevObjectVersion:   Dev-Physics (78F01B33-EBEA-4F98-B9B4-84EACCB95AA2): 0
LogDevObjectVersion:   Dev-Platform (6631380F-2D4D-43E0-8009-CF276956A95A): 0
LogDevObjectVersion:   Dev-Rendering (12F88B9F-8875-4AFC-A67C-D90C383ABD29): 12
LogDevObjectVersion:   Dev-Sequencer (7B5AE74C-D270-4C10-A958-57980B212A5A): 1
LogDevObjectVersion:   Dev-VR (D7296918-1DD6-4BDD-9DE2-64A83CC13884): 0
LogInit: Compiled (64-bit): Jan  6 2017 10:49:43
LogInit: Compiled with Visual C++: 19.00.23026.00
LogInit: Build Configuration: Development
LogInit: Branch Name: ++UE4+Release-4.14
LogInit: Command line:  
LogInit: Base directory: C:/Program Files/Epic Games/UE_4.14/Engine/Binaries/Win64/
LogInit: Installed Engine Build: 1
LogInit: Presizing for max 8388607 objects, including 0 objects not considered by GC, pre-allocating 0 bytes for permanent pool.
LogInit: Object subsystem initialized
[2017.04.18-15.03.48:864][  0]LogInit: Selected Device Profile: [Windows]
[2017.04.18-15.03.48:864][  0]LogInit: Applying CVar settings loaded from the selected device profile: [Windows]
[2017.04.18-15.03.48:903][  0]LogInit: Computer: TOM-PC
[2017.04.18-15.03.48:903][  0]LogInit: User: Tom
[2017.04.18-15.03.48:903][  0]LogInit: CPU Page size=65536, Cores=2
[2017.04.18-15.03.48:903][  0]LogInit: High frequency timer resolution =3.531738 MHz
[2017.04.18-15.03.48:903][  0]LogMemory: Memory total: Physical=8.0GB (8GB approx)
[2017.04.18-15.03.48:903][  0]LogMemory: Platform Memory Stats for Windows
[2017.04.18-15.03.48:903][  0]LogMemory: Process Physical Memory: 265.13 MB used, 265.13 MB peak
[2017.04.18-15.03.48:903][  0]LogMemory: Process Virtual Memory: 264.18 MB used, 264.18 MB peak
[2017.04.18-15.03.48:903][  0]LogMemory: Physical Memory: 2641.09 MB used,  5549.38 MB free, 8190.46 MB total
[2017.04.18-15.03.48:903][  0]LogMemory: Virtual Memory: 662.57 MB used,  5549.38 MB free, 8388608.00 MB total
[2017.04.18-15.03.49:431][  0]LogTextLocalizationManager: No specific translations for ('en-GB') exist, so ('en') translations will be used.
[2017.04.18-15.03.51:069][  0]LogD3D11RHI: D3D11 adapters:
[2017.04.18-15.03.51:109][  0]LogD3D11RHI:    0. 'AMD Radeon HD 7900 Series' (Feature Level 11_0)
[2017.04.18-15.03.51:109][  0]LogD3D11RHI:       3050/0/3839 MB DedicatedVideo/DedicatedSystem/SharedSystem, Outputs:1, VendorId:0x1002
[2017.04.18-15.03.51:109][  0]LogD3D11RHI: Chosen D3D11 Adapter: 0
[2017.04.18-15.03.51:123][  0]LogD3D11RHI: Creating new Direct3DDevice
[2017.04.18-15.03.51:123][  0]LogD3D11RHI:     GPU DeviceId: 0x679a (for the marketing name, search the web for "GPU Device Id")
[2017.04.18-15.03.51:123][  0]LogWindows: EnumDisplayDevices:
[2017.04.18-15.03.51:123][  0]LogWindows:    0. 'AMD Radeon HD 7900 Series' (P:1 D:1)
[2017.04.18-15.03.51:123][  0]LogWindows:    1. 'AMD Radeon HD 7900 Series' (P:0 D:0)
[2017.04.18-15.03.51:124][  0]LogWindows:    2. 'AMD Radeon HD 7900 Series' (P:0 D:0)
[2017.04.18-15.03.51:124][  0]LogWindows:    3. 'AMD Radeon HD 7900 Series' (P:0 D:0)
[2017.04.18-15.03.51:124][  0]LogWindows:    4. 'AMD Radeon HD 7900 Series' (P:0 D:0)
[2017.04.18-15.03.51:125][  0]LogWindows:    5. 'AMD Radeon HD 7900 Series' (P:0 D:0)
[2017.04.18-15.03.51:125][  0]LogWindows:    6. 'RDPDD Chained DD' (P:0 D:0)
[2017.04.18-15.03.51:125][  0]LogWindows:    7. 'RDP Encoder Mirror Driver' (P:0 D:0)
[2017.04.18-15.03.51:125][  0]LogWindows:    8. 'RDP Reflector Display Driver' (P:0 D:0)
[2017.04.18-15.03.51:125][  0]LogWindows: DebugString: GetVideoDriverDetailsInvalid PrimaryIsNotTheChoosenAdapter GetVideoDriverDetailsInvalid PrimaryIsNotTheChoosenAdapter GetVideoDriverDetailsInvalid PrimaryIsNotTheChoosenAdapter FoundDriverCount:6 
[2017.04.18-15.03.51:125][  0]LogD3D11RHI:     Adapter Name: AMD Radeon HD 7900 Series
[2017.04.18-15.03.51:125][  0]LogD3D11RHI:   Driver Version: Crimson ReLive 17.2.1 (internal:21.19.519.2, unified:21.19.519.2)
[2017.04.18-15.03.51:125][  0]LogD3D11RHI:      Driver Date: 2-10-2017
[2017.04.18-15.03.51:126][  0]LogRHI: Texture pool is 1361 MB (70% of 1945 MB)
[2017.04.18-15.03.51:142][  0]LogD3D11RHI: Async texture creation enabled
[2017.04.18-15.03.51:183][  0]LogD3D11RHI: GPU Timing Frequency: 27.000000 (Debug: 2 1)
[2017.04.18-15.03.51:191][  0]LogShaderCompilers: Guid format shader working directory is -17 characters bigger than the processId version (../../../../../../Users/Tom/Documents/CrowdSim4.2/CrowdSim4.2/Intermediate/Shaders/WorkingDirectory/6496/).
[2017.04.18-15.03.51:191][  0]LogShaderCompilers: Cleaned the shader compiler working directory 'C:/Users/Tom/AppData/Local/Temp/UnrealShaderWorkingDir/D9620C954CF3677C65FD689F5035937F/'.
[2017.04.18-15.03.51:191][  0]LogShaderCompilers:Display: Using Local Shader Compiler.
[2017.04.18-15.03.54:582][  0]LogTemp:Display: Loaded TP AllDesktopTargetPlatform
[2017.04.18-15.03.54:710][  0]LogTemp:Display: Loaded TP MacClientTargetPlatform
[2017.04.18-15.03.54:858][  0]LogTemp:Display: Loaded TP MacNoEditorTargetPlatform
[2017.04.18-15.03.54:978][  0]LogTemp:Display: Loaded TP MacServerTargetPlatform
[2017.04.18-15.03.55:095][  0]LogTemp:Display: Loaded TP MacTargetPlatform
[2017.04.18-15.03.55:209][  0]LogTemp:Display: Loaded TP WindowsClientTargetPlatform
[2017.04.18-15.03.55:338][  0]LogTemp:Display: Loaded TP WindowsNoEditorTargetPlatform
[2017.04.18-15.03.55:456][  0]LogTemp:Display: Loaded TP WindowsServerTargetPlatform
[2017.04.18-15.03.55:549][  0]LogTemp:Display: Loaded TP WindowsTargetPlatform
[2017.04.18-15.03.55:663][  0]LogTemp:Display: Loaded TP AndroidTargetPlatform
[2017.04.18-15.03.55:783][  0]LogTemp:Display: Loaded TP Android_ASTCTargetPlatform
[2017.04.18-15.03.55:897][  0]LogTemp:Display: Loaded TP Android_ATCTargetPlatform
[2017.04.18-15.03.56:059][  0]LogTemp:Display: Loaded TP Android_DXTTargetPlatform
[2017.04.18-15.03.56:181][  0]LogTemp:Display: Loaded TP Android_ETC1TargetPlatform
[2017.04.18-15.03.56:303][  0]LogTemp:Display: Loaded TP Android_ETC2TargetPlatform
[2017.04.18-15.03.56:618][  0]LogTemp:Display: Loaded TP Android_MultiTargetPlatform
[2017.04.18-15.03.56:618][  0]LogTemp:Display: Loaded TP Android_PVRTCTargetPlatform
[2017.04.18-15.03.56:716][  0]LogTemp:Display: Loaded TP HTML5TargetPlatform
[2017.04.18-15.03.56:964][  0]LogTemp:Display: Loaded TP IOSTargetPlatform
[2017.04.18-15.03.57:048][  0]LogTemp:Display: Loaded TP TVOSTargetPlatform
[2017.04.18-15.03.57:231][  0]LogTemp:Display: Loaded TP LinuxClientTargetPlatform
[2017.04.18-15.03.57:369][  0]LogTemp:Display: Loaded TP LinuxNoEditorTargetPlatform
[2017.04.18-15.03.57:584][  0]LogTemp:Display: Loaded TP LinuxServerTargetPlatform
[2017.04.18-15.03.57:789][  0]LogTemp:Display: Loaded TP LinuxTargetPlatform
[2017.04.18-15.03.57:789][  0]LogTargetPlatformManager:Display: Building Assets For Windows
[2017.04.18-15.03.58:623][  0]LogDerivedDataCache:Display: Max Cache Size: 512 MB
[2017.04.18-15.03.59:130][  0]LogDerivedDataCache: Loaded boot cache 0.51s 50MB C:/Users/Tom/AppData/Local/UnrealEngine/4.14/DerivedDataCache/Boot.ddc.
[2017.04.18-15.03.59:130][  0]LogDerivedDataCache:Display: Loaded Boot cache: C:/Users/Tom/AppData/Local/UnrealEngine/4.14/DerivedDataCache/Boot.ddc
[2017.04.18-15.03.59:130][  0]LogDerivedDataCache: FDerivedDataBackendGraph:  Pak pak cache file ../../../../../../Users/Tom/Documents/CrowdSim4.2/CrowdSim4.2/DerivedDataCache/DDC.ddp not found, will not use a pak cache.
[2017.04.18-15.03.59:130][  0]LogDerivedDataCache: Unable to find inner node Pak for hierarchical cache Hierarchy.
[2017.04.18-15.03.59:130][  0]LogDerivedDataCache: FDerivedDataBackendGraph:  CompressedPak pak cache file ../../../../../../Users/Tom/Documents/CrowdSim4.2/CrowdSim4.2/DerivedDataCache/Compressed.ddp not found, will not use a pak cache.
[2017.04.18-15.03.59:130][  0]LogDerivedDataCache: Unable to find inner node CompressedPak for hierarchical cache Hierarchy.
[2017.04.18-15.03.59:174][  0]LogDerivedDataCache:Display: Pak cache opened for reading ../../../Engine/DerivedDataCache/Compressed.ddp.
[2017.04.18-15.03.59:186][  0]LogDerivedDataCache: Using Local data cache path C:/Users/Tom/AppData/Local/UnrealEngine/Common/DerivedDataCache: Writable
[2017.04.18-15.04.00:211][  0]LogInit: Selected Device Profile: [Windows]
[2017.04.18-15.04.00:225][  0]LogContentStreaming: Texture pool size is 0.00 MB
[2017.04.18-15.04.00:664][  0]LogMeshUtilities: Using QuadricMeshReduction for automatic static mesh reduction
[2017.04.18-15.04.00:770][  0]LogSimplygon: Simplygon DLL not present - disabling.
[2017.04.18-15.04.00:860][  0]LogMeshUtilities: Using SimplygonSwarm for distributed automatic mesh merging
[2017.04.18-15.04.00:860][  0]LogMeshUtilities: No automatic skeletal mesh reduction module available
[2017.04.18-15.04.00:860][  0]LogMeshUtilities: No automatic mesh merging module available
[2017.04.18-15.04.02:343][  0]LogNetVersion: GetLocalNetworkVersion: CL: 3195953, ProjectName: crowdsim, ProjectVersion: , EngineNetworkVersion: 2, GameNetworkVersion: 0, NetworkChecksum: 987795208
[2017.04.18-15.04.02:436][  0]LogAssetRegistry: FAssetRegistry took 0.0242 seconds to start up
[2017.04.18-15.04.02:527][  0]LogPackageLocalizationCache: Processed 3 localized package path(s) for 2 prioritized culture(s) in 0.036994 seconds
[2017.04.18-15.04.02:540][  0]LogUObjectArray: 31946 objects as part of root set at end of initial load.
[2017.04.18-15.04.02:541][  0]LogUObjectAllocator: 6935840 out of 0 bytes used by permanent object pool.
[2017.04.18-15.04.02:541][  0]LogUObjectArray: CloseDisregardForGC: 0/0 objects in disregard for GC pool
[2017.04.18-15.04.02:693][  0]LogInit: WinSock: version 1.1 (2.2), MaxSocks=32767, MaxUdp=65467
[2017.04.18-15.04.04:860][  0]LogSlate: Using Freetype 2.6.0
[2017.04.18-15.04.04:864][  0]LogSlate: SlateFontCache - WITH_FREETYPE: 1, WITH_HARFBUZZ: 1
[2017.04.18-15.04.04:864][  0]LogSlate: SlateFontCache - WITH_FREETYPE: 1, WITH_HARFBUZZ: 1
[2017.04.18-15.04.07:695][  0]LogTcpMessaging: Initializing TcpMessaging bridge
[2017.04.18-15.04.07:761][  0]LogUdpMessaging: Initializing bridge on interface 0.0.0.0:0 to multicast group 230.0.0.1:6666.
[2017.04.18-15.04.08:695][  0]LogMaterial: Uniform references updated for custom material expression Custom.
[2017.04.18-15.04.09:774][  0]SourceControl: Info Source control is disabled
[2017.04.18-15.04.09:856][  0]SourceControl: Info Source control is disabled
[2017.04.18-15.04.09:948][  0]SourceControl: Info Source control is disabled
[2017.04.18-15.04.10:040][  0]SourceControl: Info Source control is disabled
[2017.04.18-15.04.12:959][  0]LogEngine: Initializing Engine...
[2017.04.18-15.04.12:961][  0]LogHMD: Failed to initialize OpenVR with code 110
[2017.04.18-15.04.13:495][  0]LogAIModule: Creating AISystem for world Untitled
[2017.04.18-15.04.13:540][  0]LogInit: XAudio2 using 'Speakers (Realtek High Definition Audio)' : 2 channels at 48 kHz using 32 bits per sample (channel mask 0x3)
[2017.04.18-15.04.13:559][  0]LogInit: FAudioDevice initialized.
[2017.04.18-15.04.13:614][  0]LogDerivedDataCache: Saved boot cache 0.06s 50MB C:/Users/Tom/AppData/Local/UnrealEngine/4.14/DerivedDataCache/Boot.ddc.
[2017.04.18-15.04.13:629][  0]LogInit: Texture streaming: Enabled
[2017.04.18-15.04.14:047][  0]LogInit: Transaction tracking system initialized
[2017.04.18-15.04.14:997][  0]BlueprintLog: New page: Editor Load
[2017.04.18-15.04.18:090][  0]LocalizationService: Info Localization service is disabled
[2017.04.18-15.04.20:677][  0]LogConsoleResponse:Display: 
[2017.04.18-15.04.21:116][  0]LogCook:Display: Max memory allowance for cook 16384mb min free memory 0mb
[2017.04.18-15.04.21:116][  0]LogCook:Display: Mobile HDR setting 1
[2017.04.18-15.04.21:527][  0]LogFileCache: Scanning file cache for directory 'C:/Users/Tom/Documents/CrowdSim4.2/CrowdSim4.2/Content/' took 0.03s
[2017.04.18-15.04.23:829][  0]SourceControl: Info Source control is disabled
[2017.04.18-15.04.23:831][  0]Cmd: MAP LOAD FILE="../../../../../../Users/Tom/Documents/CrowdSim4.2/CrowdSim4.2/Content/ThirdPersonBP/Maps/ThirdPersonExampleMap.umap" TEMPLATE=0 SHOWPROGRESS=1 FEATURELEVEL=3
[2017.04.18-15.04.23:832][  0]LightingResults: New page: Lighting Build
[2017.04.18-15.04.23:924][  0]MapCheck: New page: Map Check
[2017.04.18-15.04.23:924][  0]LightingResults: New page: Lighting Build
[2017.04.18-15.04.27:847][  0]LogAIModule: Creating AISystem for world ThirdPersonExampleMap
[2017.04.18-15.04.28:020][  0]LogEditorServer: Finished looking for orphan Actors (0.000 secs)
[2017.04.18-15.04.28:033][  0]Cmd: MAP CHECKDEP NOCLEARLOG
[2017.04.18-15.04.28:129][  0]MapCheck: Info Map check complete: 0 Error(s), 0 Warning(s), took 95.926ms to complete.
[2017.04.18-15.04.28:129][  0]LogFileHelpers: Loading map 'ThirdPersonExampleMap' took 4.299
[2017.04.18-15.04.28:438][  0]LogCollectionManager: Loaded 0 collections in 0.003330 seconds
[2017.04.18-15.04.28:696][  0]LogFileCache: Scanning file cache for directory 'C:/Users/Tom/Documents/CrowdSim4.2/CrowdSim4.2/Saved/Collections/' took 0.01s
[2017.04.18-15.04.28:696][  0]LogFileCache: Scanning file cache for directory 'C:/Users/Tom/Documents/CrowdSim4.2/CrowdSim4.2/Content/Developers/Tom/Collections/' took 0.01s
[2017.04.18-15.04.28:696][  0]LogFileCache: Scanning file cache for directory 'C:/Users/Tom/Documents/CrowdSim4.2/CrowdSim4.2/Content/Collections/' took 0.01s
[2017.04.18-15.04.28:696][  0]LogCollectionManager: Rebuilt the GUID cache for 0 collections in 0.000003 seconds
[2017.04.18-15.04.28:737][  0]LogContentBrowser: Native class hierarchy populated in 0.0372 seconds. Added 2191 classes and 430 folders.
[2017.04.18-15.04.28:838][  0]LogStats: UGameplayTagsManager::ConstructGameplayTagTree: Construct from data asset -  0.000 s
[2017.04.18-15.04.28:839][  0]LogStats: UGameplayTagsManager::ConstructGameplayTagTree: GameplayTagTreeChangedEvent.Broadcast -  0.000 s
[2017.04.18-15.04.28:841][  0]LogContentBrowser: Native class hierarchy updated for 'GameplayTags' in 0.0018 seconds. Added 13 classes and 0 folders.
[2017.04.18-15.04.28:964][  0]LogContentBrowser: Native class hierarchy updated for 'WidgetCarousel' in 0.0017 seconds. Added 0 classes and 0 folders.
[2017.04.18-15.04.29:120][  0]LogContentBrowser: Native class hierarchy updated for 'AddContentDialog' in 0.0028 seconds. Added 0 classes and 0 folders.
[2017.04.18-15.04.29:228][  0]LogContentBrowser: Native class hierarchy updated for 'SceneOutliner' in 0.0020 seconds. Added 1 classes and 2 folders.
[2017.04.18-15.04.29:388][  0]LogCrashTracker: Crashtracker disabled due to settings.
[2017.04.18-15.04.29:410][  0]LogUObjectGlobals:Warning: Failed to find object 'Class None.'
[2017.04.18-15.04.29:533][  0]LogContentBrowser: Native class hierarchy updated for 'HierarchicalLODOutliner' in 0.0019 seconds. Added 1 classes and 2 folders.
[2017.04.18-15.04.29:534][  0]LogLoad: (Engine Initialization) Total time: 45.56 seconds
[2017.04.18-15.04.29:534][  0]LogLoad: (Engine Initialization) Total Blueprint compile time: 0.95 seconds
[2017.04.18-15.04.29:534][  0]LogExternalProfiler: Found external profiler: VSPerf
[2017.04.18-15.04.29:534][  0]LogExternalProfiler: Using external profiler: VSPerf
[2017.04.18-15.04.29:876][  0]LogOcInput: OculusInput pre-init called
[2017.04.18-15.04.29:937][  0]LogContentStreaming: Texture pool size now 800 MB
[2017.04.18-15.04.30:296][  0]LogRenderer: Reallocating scene render targets to support 1592x856 NumSamples 1 (Frame:2).
[2017.04.18-15.04.31:230][  3]LogAssetRegistry: Asset discovery search completed in 28.8155 seconds
[2017.04.18-15.04.31:230][  3]LogCollectionManager: Rebuilt the object cache for 0 collections in 0.000001 seconds (found 0 objects)
[2017.04.18-15.04.31:230][  3]LogCollectionManager: Fixed up redirectors for 0 collections in 0.000046 seconds (updated 0 objects)
[2017.04.18-15.27.29:458][563]LogContentBrowser: Native class hierarchy updated for 'BlueprintGraph' in 0.0029 seconds. Added 111 classes and 0 folders.
[2017.04.18-16.50.02:133][231]LogSavePackage: Save=1558.35ms
[2017.04.18-16.50.02:144][231]LogSavePackage: Moving '../../../../../../Users/Tom/Documents/CrowdSim4.2/CrowdSim4.2/Saved/ThirdPersonExampleMap_Auto11A537E3A43B08F2AF99427BB7DFB7684.tmp' to '../../../../../../Users/Tom/Documents/CrowdSim4.2/CrowdSim4.2/Saved/Autosaves/Game/ThirdPersonBP/Maps/ThirdPersonExampleMap_Auto1.umap'
[2017.04.18-16.50.02:146][231]LogSavePackage:Display: Finished SavePackage ../../../../../../Users/Tom/Documents/CrowdSim4.2/CrowdSim4.2/Saved/Autosaves/Game/ThirdPersonBP/Maps/ThirdPersonExampleMap_Auto1.umap
[2017.04.18-16.50.02:156][231]LogFileHelpers: Editor autosave (incl. sublevels) for '/Game/ThirdPersonBP/Maps/ThirdPersonExampleMap' took 1.692
[2017.04.18-16.50.02:156][231]LogFileHelpers: Editor autosave (incl. sublevels) for all levels took 1.692
[2017.04.18-17.00.23:305][892]LogSavePackage: Save=1579.03ms
[2017.04.18-17.00.23:305][892]LogSavePackage: Moving '../../../../../../Users/Tom/Documents/CrowdSim4.2/CrowdSim4.2/Saved/ThirdPersonExampleMap_Auto24CFD91684F0A55BB6731F6B2A3A5D4A0.tmp' to '../../../../../../Users/Tom/Documents/CrowdSim4.2/CrowdSim4.2/Saved/Autosaves/Game/ThirdPersonBP/Maps/ThirdPersonExampleMap_Auto2.umap'
[2017.04.18-17.00.23:309][892]LogSavePackage:Display: Finished SavePackage ../../../../../../Users/Tom/Documents/CrowdSim4.2/CrowdSim4.2/Saved/Autosaves/Game/ThirdPersonBP/Maps/ThirdPersonExampleMap_Auto2.umap
[2017.04.18-17.00.23:320][892]LogFileHelpers: Editor autosave (incl. sublevels) for '/Game/ThirdPersonBP/Maps/ThirdPersonExampleMap' took 1.693
[2017.04.18-17.00.23:320][892]LogFileHelpers: Editor autosave (incl. sublevels) for all levels took 1.693
[2017.04.18-17.10.58:915][515]LogBlueprint:Warning: [ThirdPersonExampleMap] 'Personality' variable not found. Base class was probably changed.
[2017.04.18-17.10.58:916][515]LogBlueprint:Warning: [ThirdPersonExampleMap] 'E' variable not found. Base class was probably changed.
[2017.04.18-17.12.39:040][684]LogSavePackage: Save=1348.26ms
[2017.04.18-17.12.39:040][684]LogSavePackage: Moving '../../../../../../Users/Tom/Documents/CrowdSim4.2/CrowdSim4.2/Saved/ThirdPersonExampleMap_Auto37D9799C44C581215C5F82EAD42E51D38.tmp' to '../../../../../../Users/Tom/Documents/CrowdSim4.2/CrowdSim4.2/Saved/Autosaves/Game/ThirdPersonBP/Maps/ThirdPersonExampleMap_Auto3.umap'
[2017.04.18-17.12.39:045][684]LogSavePackage:Display: Finished SavePackage ../../../../../../Users/Tom/Documents/CrowdSim4.2/CrowdSim4.2/Saved/Autosaves/Game/ThirdPersonBP/Maps/ThirdPersonExampleMap_Auto3.umap
[2017.04.18-17.12.39:047][684]LogFileHelpers: Editor autosave (incl. sublevels) for '/Game/ThirdPersonBP/Maps/ThirdPersonExampleMap' took 1.445
[2017.04.18-17.12.39:047][684]LogFileHelpers: Editor autosave (incl. sublevels) for all levels took 1.445
[2017.04.18-17.12.39:057][684]OBJ SavePackage: Generating thumbnails for [1] asset(s) in package [/Game/ThirdPersonBP/Blueprints/AICharacter] ([1] browsable assets)...
[2017.04.18-17.12.39:083][684]OBJ SavePackage:     Rendered thumbnail for [Blueprint /Game/ThirdPersonBP/Blueprints/AICharacter.AICharacter]
[2017.04.18-17.12.39:083][684]OBJ SavePackage: Finished generating thumbnails for package [/Game/ThirdPersonBP/Blueprints/AICharacter]
[2017.04.18-17.12.39:603][684]LogSavePackage: Save=514.93ms
[2017.04.18-17.12.39:603][684]LogSavePackage: Moving '../../../../../../Users/Tom/Documents/CrowdSim4.2/CrowdSim4.2/Saved/AICharacter_Auto343E323CF4569A08AFB2C6B9AE7F06FC6.tmp' to '../../../../../../Users/Tom/Documents/CrowdSim4.2/CrowdSim4.2/Saved/Autosaves/Game/ThirdPersonBP/Blueprints/AICharacter_Auto3.uasset'
[2017.04.18-17.12.39:607][684]LogSavePackage:Display: Finished SavePackage ../../../../../../Users/Tom/Documents/CrowdSim4.2/CrowdSim4.2/Saved/Autosaves/Game/ThirdPersonBP/Blueprints/AICharacter_Auto3.uasset
[2017.04.18-17.12.39:607][684]LogFileHelpers: Auto-saving content packages took 0.553
[2017.04.18-17.19.24:873][908]LogEditorTransaction: Undo Paste clipboard contents
[2017.04.18-17.19.36:616][483]LogUObjectHash:Warning: Ambiguous search, could be K2Node_VariableGet /Game/ThirdPersonBP/Maps/ThirdPersonExampleMap.ThirdPersonExampleMap:PersistentLevel.ThirdPersonExampleMap.EventGraph.K2Node_VariableGet_282 or K2Node_VariableGet /Game/ThirdPersonBP/Maps/ThirdPersonExampleMap.ThirdPersonExampleMap:PersistentLevel.ThirdPersonExampleMap.EventGraph.K2Node_VariableGet_282
[2017.04.18-17.22.41:670][ 78]LogSavePackage: Save=1664.96ms
[2017.04.18-17.22.41:670][ 78]LogSavePackage: Moving '../../../../../../Users/Tom/Documents/CrowdSim4.2/CrowdSim4.2/Saved/ThirdPersonExampleMap_Auto45BE36CD6496F1120F34C48B9A9CC8B1D.tmp' to '../../../../../../Users/Tom/Documents/CrowdSim4.2/CrowdSim4.2/Saved/Autosaves/Game/ThirdPersonBP/Maps/ThirdPersonExampleMap_Auto4.umap'
[2017.04.18-17.22.41:674][ 78]LogSavePackage:Display: Finished SavePackage ../../../../../../Users/Tom/Documents/CrowdSim4.2/CrowdSim4.2/Saved/Autosaves/Game/ThirdPersonBP/Maps/ThirdPersonExampleMap_Auto4.umap
[2017.04.18-17.22.41:678][ 78]LogFileHelpers: Editor autosave (incl. sublevels) for '/Game/ThirdPersonBP/Maps/ThirdPersonExampleMap' took 1.767
[2017.04.18-17.22.41:678][ 78]LogFileHelpers: Editor autosave (incl. sublevels) for all levels took 1.767
[2017.04.18-17.43.17:206][541]LogSavePackage: Save=1616.29ms
[2017.04.18-17.43.17:206][541]LogSavePackage: Moving '../../../../../../Users/Tom/Documents/CrowdSim4.2/CrowdSim4.2/Saved/ThirdPersonExampleMap_Auto54F976584450A6356874E28A77C6B74CC.tmp' to '../../../../../../Users/Tom/Documents/CrowdSim4.2/CrowdSim4.2/Saved/Autosaves/Game/ThirdPersonBP/Maps/ThirdPersonExampleMap_Auto5.umap'
[2017.04.18-17.43.17:209][541]LogSavePackage:Display: Finished SavePackage ../../../../../../Users/Tom/Documents/CrowdSim4.2/CrowdSim4.2/Saved/Autosaves/Game/ThirdPersonBP/Maps/ThirdPersonExampleMap_Auto5.umap
[2017.04.18-17.43.17:212][541]LogFileHelpers: Editor autosave (incl. sublevels) for '/Game/ThirdPersonBP/Maps/ThirdPersonExampleMap' took 1.723
[2017.04.18-17.43.17:212][541]LogFileHelpers: Editor autosave (incl. sublevels) for all levels took 1.723
[2017.04.18-17.46.59:373][ 75]LogEditorTransaction: Undo Paste clipboard contents
[2017.04.18-17.47.20:942][372]LogUObjectHash:Warning: Ambiguous search, could be K2Node_VariableGet /Game/ThirdPersonBP/Maps/ThirdPersonExampleMap.ThirdPersonExampleMap:PersistentLevel.ThirdPersonExampleMap.EventGraph.K2Node_VariableGet_482 or K2Node_VariableGet /Game/ThirdPersonBP/Maps/ThirdPersonExampleMap.ThirdPersonExampleMap:PersistentLevel.ThirdPersonExampleMap.EventGraph.K2Node_VariableGet_482
[2017.04.18-17.47.39:849][381]LogEditorTransaction: Undo Move Node
[2017.04.18-17.53.19:783][430]LogSavePackage: Save=1972.53ms
[2017.04.18-17.53.19:783][430]LogSavePackage: Moving '../../../../../../Users/Tom/Documents/CrowdSim4.2/CrowdSim4.2/Saved/ThirdPersonExampleMap_Auto6D4F78D1846178EBEED2ED88C32D5E2CE.tmp' to '../../../../../../Users/Tom/Documents/CrowdSim4.2/CrowdSim4.2/Saved/Autosaves/Game/ThirdPersonBP/Maps/ThirdPersonExampleMap_Auto6.umap'
[2017.04.18-17.53.19:786][430]LogSavePackage:Display: Finished SavePackage ../../../../../../Users/Tom/Documents/CrowdSim4.2/CrowdSim4.2/Saved/Autosaves/Game/ThirdPersonBP/Maps/ThirdPersonExampleMap_Auto6.umap
[2017.04.18-17.53.19:789][430]LogFileHelpers: Editor autosave (incl. sublevels) for '/Game/ThirdPersonBP/Maps/ThirdPersonExampleMap' took 2.093
[2017.04.18-17.53.19:789][430]LogFileHelpers: Editor autosave (incl. sublevels) for all levels took 2.093
[2017.04.18-18.00.28:873][489]LogEditorTransaction: Undo Delete current selection
[2017.04.18-18.00.40:259][  2]LogEditorTransaction: Undo Move Node
[2017.04.18-18.03.21:872][701]LogSavePackage: Save=1578.85ms
[2017.04.18-18.03.21:872][701]LogSavePackage: Moving '../../../../../../Users/Tom/Documents/CrowdSim4.2/CrowdSim4.2/Saved/ThirdPersonExampleMap_Auto7CE7C2D764CBB79F9715B939AFD7DE00C.tmp' to '../../../../../../Users/Tom/Documents/CrowdSim4.2/CrowdSim4.2/Saved/Autosaves/Game/ThirdPersonBP/Maps/ThirdPersonExampleMap_Auto7.umap'
[2017.04.18-18.03.21:875][701]LogSavePackage:Display: Finished SavePackage ../../../../../../Users/Tom/Documents/CrowdSim4.2/CrowdSim4.2/Saved/Autosaves/Game/ThirdPersonBP/Maps/ThirdPersonExampleMap_Auto7.umap
[2017.04.18-18.03.21:878][701]LogFileHelpers: Editor autosave (incl. sublevels) for '/Game/ThirdPersonBP/Maps/ThirdPersonExampleMap' took 1.686
[2017.04.18-18.03.21:878][701]LogFileHelpers: Editor autosave (incl. sublevels) for all levels took 1.686
[2017.04.18-18.30.46:302][603]BlueprintLog: New page: Compile ThirdPersonExampleMap
[2017.04.18-18.31.09:249][279]BlueprintLog: New page: Compile ThirdPersonExampleMap
[2017.04.18-18.31.37:247][409]LogSavePackage: Save=1967.27ms
[2017.04.18-18.31.37:247][409]LogSavePackage: Moving '../../../../../../Users/Tom/Documents/CrowdSim4.2/CrowdSim4.2/Saved/ThirdPersonExampleMap_Auto86A4EAA424900BB196094D98C8759DEDA.tmp' to '../../../../../../Users/Tom/Documents/CrowdSim4.2/CrowdSim4.2/Saved/Autosaves/Game/ThirdPersonBP/Maps/ThirdPersonExampleMap_Auto8.umap'
[2017.04.18-18.31.37:250][409]LogSavePackage:Display: Finished SavePackage ../../../../../../Users/Tom/Documents/CrowdSim4.2/CrowdSim4.2/Saved/Autosaves/Game/ThirdPersonBP/Maps/ThirdPersonExampleMap_Auto8.umap
[2017.04.18-18.31.37:254][409]LogFileHelpers: Editor autosave (incl. sublevels) for '/Game/ThirdPersonBP/Maps/ThirdPersonExampleMap' took 2.082
[2017.04.18-18.31.37:254][409]LogFileHelpers: Editor autosave (incl. sublevels) for all levels took 2.082
[2017.04.18-18.31.51:168][590]LogTemp: Repeting last play command: Selected Viewport
[2017.04.18-18.31.51:212][590]LogBlueprintUserMessages: Early PlayInEditor Detection: Level '/Game/ThirdPersonBP/Maps/ThirdPersonExampleMap.ThirdPersonExampleMap:PersistentLevel' has LevelScriptBlueprint '/Game/ThirdPersonBP/Maps/ThirdPersonExampleMap.ThirdPersonExampleMap:PersistentLevel.ThirdPersonExampleMap' with GeneratedClass '/Game/ThirdPersonBP/Maps/ThirdPersonExampleMap.ThirdPersonExampleMap_C' with ClassGeneratedBy '/Game/ThirdPersonBP/Maps/ThirdPersonExampleMap.ThirdPersonExampleMap:PersistentLevel.ThirdPersonExampleMap'
[2017.04.18-18.31.51:214][590]LogPlayLevel: PlayLevel: No blueprints needed recompiling
[2017.04.18-18.31.51:220][590]PIE: New page: PIE session: ThirdPersonExampleMap (18 Apr 2017 20:31:51)
[2017.04.18-18.31.51:221][590]LogPlayLevel: Creating play world package: /Game/ThirdPersonBP/Maps/UEDPIE_0_ThirdPersonExampleMap
[2017.04.18-18.31.51:362][590]LogPlayLevel: PIE: StaticDuplicateObject took: (0.140808s)
[2017.04.18-18.31.51:363][590]LogAIModule: Creating AISystem for world ThirdPersonExampleMap
[2017.04.18-18.31.51:364][590]LogPlayLevel: PIE: World Init took: (0.002104s)
[2017.04.18-18.31.51:364][590]LogPlayLevel: PIE: Created PIE world by copying editor world from /Game/ThirdPersonBP/Maps/ThirdPersonExampleMap.ThirdPersonExampleMap to /Game/ThirdPersonBP/Maps/UEDPIE_0_ThirdPersonExampleMap.ThirdPersonExampleMap (0.143929s)
[2017.04.18-18.31.51:434][590]LogInit: XAudio2 using 'Speakers (Realtek High Definition Audio)' : 2 channels at 48 kHz using 32 bits per sample (channel mask 0x3)
[2017.04.18-18.31.51:445][590]LogInit: FAudioDevice initialized.
[2017.04.18-18.31.51:510][590]LogLoad: Game class is 'ThirdPersonGameMode_C'
[2017.04.18-18.31.51:572][590]LogWorld: Bringing World /Game/ThirdPersonBP/Maps/UEDPIE_0_ThirdPersonExampleMap.ThirdPersonExampleMap up for play (max tick rate 0) at 2017.04.18-19.31.51
[2017.04.18-18.31.51:602][590]LogWorld: Bringing up level for play took: 0.081492
[2017.04.18-18.31.51:701][590]LogContentBrowser: Native class hierarchy updated for 'MovieSceneCapture' in 0.0020 seconds. Added 11 classes and 0 folders.
[2017.04.18-18.31.51:701][590]LogGameMode:Display: Match State Changed from EnteringMap to WaitingToStart
[2017.04.18-18.31.51:702][590]LogGameState: Match State Changed from EnteringMap to WaitingToStart
[2017.04.18-18.31.51:702][590]LogGameMode:Display: Match State Changed from WaitingToStart to InProgress
[2017.04.18-18.31.51:725][590]LogGameState: Match State Changed from WaitingToStart to InProgress
[2017.04.18-18.31.51:725][590]PIE: Info Play in editor start time for /Game/ThirdPersonBP/Maps/UEDPIE_0_ThirdPersonExampleMap -0.399
[2017.04.18-18.31.51:726][590]LogBlueprintUserMessages: Late PlayInEditor Detection: Level '/Game/ThirdPersonBP/Maps/ThirdPersonExampleMap.ThirdPersonExampleMap:PersistentLevel' has LevelScriptBlueprint '/Game/ThirdPersonBP/Maps/ThirdPersonExampleMap.ThirdPersonExampleMap:PersistentLevel.ThirdPersonExampleMap' with GeneratedClass '/Game/ThirdPersonBP/Maps/ThirdPersonExampleMap.ThirdPersonExampleMap_C' with ClassGeneratedBy '/Game/ThirdPersonBP/Maps/ThirdPersonExampleMap.ThirdPersonExampleMap:PersistentLevel.ThirdPersonExampleMap'
[2017.04.18-18.31.51:810][591]LogBlueprintUserMessages: [ESTP-AICharacter] 43
[2017.04.18-18.31.51:810][591]LogBlueprintUserMessages: [ESTP-AICharacter] 13
[2017.04.18-18.31.55:371][897]LogBlueprintUserMessages: Early EndPlayMap Detection: Level '/Game/ThirdPersonBP/Maps/ThirdPersonExampleMap.ThirdPersonExampleMap:PersistentLevel' has LevelScriptBlueprint '/Game/ThirdPersonBP/Maps/ThirdPersonExampleMap.ThirdPersonExampleMap:PersistentLevel.ThirdPersonExampleMap' with GeneratedClass '/Game/ThirdPersonBP/Maps/ThirdPersonExampleMap.ThirdPersonExampleMap_C' with ClassGeneratedBy '/Game/ThirdPersonBP/Maps/ThirdPersonExampleMap.ThirdPersonExampleMap:PersistentLevel.ThirdPersonExampleMap'
[2017.04.18-18.31.55:529][897]LogBlueprintUserMessages: Late EndPlayMap Detection: Level '/Game/ThirdPersonBP/Maps/ThirdPersonExampleMap.ThirdPersonExampleMap:PersistentLevel' has LevelScriptBlueprint '/Game/ThirdPersonBP/Maps/ThirdPersonExampleMap.ThirdPersonExampleMap:PersistentLevel.ThirdPersonExampleMap' with GeneratedClass '/Game/ThirdPersonBP/Maps/ThirdPersonExampleMap.ThirdPersonExampleMap_C' with ClassGeneratedBy '/Game/ThirdPersonBP/Maps/ThirdPersonExampleMap.ThirdPersonExampleMap:PersistentLevel.ThirdPersonExampleMap'
[2017.04.18-18.32.32:690][436]LogEditorViewport: Clicking on Actor (LMB): StaticMeshActor (Floor10)
[2017.04.18-18.32.36:482][704]LogTemp: Repeting last play command: Selected Viewport
[2017.04.18-18.32.36:528][704]LogBlueprintUserMessages: Early PlayInEditor Detection: Level '/Game/ThirdPersonBP/Maps/ThirdPersonExampleMap.ThirdPersonExampleMap:PersistentLevel' has LevelScriptBlueprint '/Game/ThirdPersonBP/Maps/ThirdPersonExampleMap.ThirdPersonExampleMap:PersistentLevel.ThirdPersonExampleMap' with GeneratedClass '/Game/ThirdPersonBP/Maps/ThirdPersonExampleMap.ThirdPersonExampleMap_C' with ClassGeneratedBy '/Game/ThirdPersonBP/Maps/ThirdPersonExampleMap.ThirdPersonExampleMap:PersistentLevel.ThirdPersonExampleMap'
[2017.04.18-18.32.36:528][704]LogPlayLevel: PlayLevel: No blueprints needed recompiling
[2017.04.18-18.32.36:528][704]PIE: New page: PIE session: ThirdPersonExampleMap (18 Apr 2017 20:32:36)
[2017.04.18-18.32.36:528][704]LogPlayLevel: Creating play world package: /Game/ThirdPersonBP/Maps/UEDPIE_0_ThirdPersonExampleMap
[2017.04.18-18.32.36:673][704]LogPlayLevel: PIE: StaticDuplicateObject took: (0.144131s)
[2017.04.18-18.32.36:674][704]LogAIModule: Creating AISystem for world ThirdPersonExampleMap
[2017.04.18-18.32.36:674][704]LogPlayLevel: PIE: World Init took: (0.001270s)
[2017.04.18-18.32.36:675][704]LogPlayLevel: PIE: Created PIE world by copying editor world from /Game/ThirdPersonBP/Maps/ThirdPersonExampleMap.ThirdPersonExampleMap to /Game/ThirdPersonBP/Maps/UEDPIE_0_ThirdPersonExampleMap.ThirdPersonExampleMap (0.146245s)
[2017.04.18-18.32.36:783][704]LogInit: XAudio2 using 'Speakers (Realtek High Definition Audio)' : 2 channels at 48 kHz using 32 bits per sample (channel mask 0x3)
[2017.04.18-18.32.36:796][704]LogInit: FAudioDevice initialized.
[2017.04.18-18.32.36:826][704]LogLoad: Game class is 'ThirdPersonGameMode_C'
[2017.04.18-18.32.36:872][704]LogWorld: Bringing World /Game/ThirdPersonBP/Maps/UEDPIE_0_ThirdPersonExampleMap.ThirdPersonExampleMap up for play (max tick rate 0) at 2017.04.18-19.32.36
[2017.04.18-18.32.36:881][704]LogWorld: Bringing up level for play took: 0.054162
[2017.04.18-18.32.36:882][704]LogGameMode:Display: Match State Changed from EnteringMap to WaitingToStart
[2017.04.18-18.32.36:882][704]LogGameState: Match State Changed from EnteringMap to WaitingToStart
[2017.04.18-18.32.36:882][704]LogGameMode:Display: Match State Changed from WaitingToStart to InProgress
[2017.04.18-18.32.36:887][704]LogBlueprintUserMessages: [ENTP-AICharacter] 40
[2017.04.18-18.32.36:887][704]LogBlueprintUserMessages: [ENTP-AICharacter] 2
[2017.04.18-18.32.36:891][704]LogGameState: Match State Changed from WaitingToStart to InProgress
[2017.04.18-18.32.36:891][704]PIE: Info Play in editor start time for /Game/ThirdPersonBP/Maps/UEDPIE_0_ThirdPersonExampleMap 0.767
[2017.04.18-18.32.36:892][704]LogBlueprintUserMessages: Late PlayInEditor Detection: Level '/Game/ThirdPersonBP/Maps/ThirdPersonExampleMap.ThirdPersonExampleMap:PersistentLevel' has LevelScriptBlueprint '/Game/ThirdPersonBP/Maps/ThirdPersonExampleMap.ThirdPersonExampleMap:PersistentLevel.ThirdPersonExampleMap' with GeneratedClass '/Game/ThirdPersonBP/Maps/ThirdPersonExampleMap.ThirdPersonExampleMap_C' with ClassGeneratedBy '/Game/ThirdPersonBP/Maps/ThirdPersonExampleMap.ThirdPersonExampleMap:PersistentLevel.ThirdPersonExampleMap'
[2017.04.18-18.32.43:645][201]LogEditorViewport: Clicking on Actor (LMB): AICharacter_C (ESTP - AICharacter)
[2017.04.18-18.33.03:406][256]LogBlueprintUserMessages: [ENTP-AICharacter] 40
[2017.04.18-18.33.03:406][256]LogBlueprintUserMessages: [ENTP-AICharacter] 10
[2017.04.18-18.33.08:799][461]LogBlueprintUserMessages: [ISFP-AICharacter_576] 11
[2017.04.18-18.33.08:799][461]LogBlueprintUserMessages: [ISFP-AICharacter_576] 13
[2017.04.18-18.33.27:589][147]LogBlueprintUserMessages: [ISFP-AICharacter_576] 5
[2017.04.18-18.33.27:589][147]LogBlueprintUserMessages: [ISFP-AICharacter_576] 4
[2017.04.18-18.33.41:728][585]LogBlueprintUserMessages: Early EndPlayMap Detection: Level '/Game/ThirdPersonBP/Maps/ThirdPersonExampleMap.ThirdPersonExampleMap:PersistentLevel' has LevelScriptBlueprint '/Game/ThirdPersonBP/Maps/ThirdPersonExampleMap.ThirdPersonExampleMap:PersistentLevel.ThirdPersonExampleMap' with GeneratedClass '/Game/ThirdPersonBP/Maps/ThirdPersonExampleMap.ThirdPersonExampleMap_C' with ClassGeneratedBy '/Game/ThirdPersonBP/Maps/ThirdPersonExampleMap.ThirdPersonExampleMap:PersistentLevel.ThirdPersonExampleMap'
[2017.04.18-18.33.41:983][585]LogBlueprintUserMessages: Late EndPlayMap Detection: Level '/Game/ThirdPersonBP/Maps/ThirdPersonExampleMap.ThirdPersonExampleMap:PersistentLevel' has LevelScriptBlueprint '/Game/ThirdPersonBP/Maps/ThirdPersonExampleMap.ThirdPersonExampleMap:PersistentLevel.ThirdPersonExampleMap' with GeneratedClass '/Game/ThirdPersonBP/Maps/ThirdPersonExampleMap.ThirdPersonExampleMap_C' with ClassGeneratedBy '/Game/ThirdPersonBP/Maps/ThirdPersonExampleMap.ThirdPersonExampleMap:PersistentLevel.ThirdPersonExampleMap'
[2017.04.18-18.34.17:359][956]BlueprintLog: New page: Compile AICharacter
[2017.04.18-18.34.19:146][ 18]LogTemp: Repeting last play command: Selected Viewport
[2017.04.18-18.34.19:183][ 18]LogBlueprintUserMessages: Early PlayInEditor Detection: Level '/Game/ThirdPersonBP/Maps/ThirdPersonExampleMap.ThirdPersonExampleMap:PersistentLevel' has LevelScriptBlueprint '/Game/ThirdPersonBP/Maps/ThirdPersonExampleMap.ThirdPersonExampleMap:PersistentLevel.ThirdPersonExampleMap' with GeneratedClass '/Game/ThirdPersonBP/Maps/ThirdPersonExampleMap.ThirdPersonExampleMap_C' with ClassGeneratedBy '/Game/ThirdPersonBP/Maps/ThirdPersonExampleMap.ThirdPersonExampleMap:PersistentLevel.ThirdPersonExampleMap'
[2017.04.18-18.34.19:183][ 18]LogPlayLevel: PlayLevel: No blueprints needed recompiling
[2017.04.18-18.34.19:183][ 18]PIE: New page: PIE session: ThirdPersonExampleMap (18 Apr 2017 20:34:19)
[2017.04.18-18.34.19:183][ 18]LogPlayLevel: Creating play world package: /Game/ThirdPersonBP/Maps/UEDPIE_0_ThirdPersonExampleMap
[2017.04.18-18.34.19:310][ 18]LogPlayLevel: PIE: StaticDuplicateObject took: (0.126780s)
[2017.04.18-18.34.19:311][ 18]LogAIModule: Creating AISystem for world ThirdPersonExampleMap
[2017.04.18-18.34.19:311][ 18]LogPlayLevel: PIE: World Init took: (0.001191s)
[2017.04.18-18.34.19:312][ 18]LogPlayLevel: PIE: Created PIE world by copying editor world from /Game/ThirdPersonBP/Maps/ThirdPersonExampleMap.ThirdPersonExampleMap to /Game/ThirdPersonBP/Maps/UEDPIE_0_ThirdPersonExampleMap.ThirdPersonExampleMap (0.128680s)
[2017.04.18-18.34.19:375][ 18]LogInit: XAudio2 using 'Speakers (Realtek High Definition Audio)' : 2 channels at 48 kHz using 32 bits per sample (channel mask 0x3)
[2017.04.18-18.34.19:386][ 18]LogInit: FAudioDevice initialized.
[2017.04.18-18.34.19:418][ 18]LogLoad: Game class is 'ThirdPersonGameMode_C'
[2017.04.18-18.34.19:452][ 18]LogWorld: Bringing World /Game/ThirdPersonBP/Maps/UEDPIE_0_ThirdPersonExampleMap.ThirdPersonExampleMap up for play (max tick rate 0) at 2017.04.18-19.34.19
[2017.04.18-18.34.19:461][ 18]LogWorld: Bringing up level for play took: 0.042680
[2017.04.18-18.34.19:462][ 18]LogGameMode:Display: Match State Changed from EnteringMap to WaitingToStart
[2017.04.18-18.34.19:462][ 18]LogGameState: Match State Changed from EnteringMap to WaitingToStart
[2017.04.18-18.34.19:462][ 18]LogGameMode:Display: Match State Changed from WaitingToStart to InProgress
[2017.04.18-18.34.19:468][ 18]LogBlueprintUserMessages: [ENTP-AICharacter] 29
[2017.04.18-18.34.19:468][ 18]LogBlueprintUserMessages: [ENTP-AICharacter] 0
[2017.04.18-18.34.19:469][ 18]LogBlueprintUserMessages: [ESTP-AICharacter] 24
[2017.04.18-18.34.19:469][ 18]LogBlueprintUserMessages: [ESTP-AICharacter] 27
[2017.04.18-18.34.19:469][ 18]LogBlueprintUserMessages: [ESTP-AICharacter] 42
[2017.04.18-18.34.19:469][ 18]LogBlueprintUserMessages: [ESTP-AICharacter] 24
[2017.04.18-18.34.19:472][ 18]LogGameState: Match State Changed from WaitingToStart to InProgress
[2017.04.18-18.34.19:472][ 18]PIE: Info Play in editor start time for /Game/ThirdPersonBP/Maps/UEDPIE_0_ThirdPersonExampleMap -0.654
[2017.04.18-18.34.19:473][ 18]LogBlueprintUserMessages: Late PlayInEditor Detection: Level '/Game/ThirdPersonBP/Maps/ThirdPersonExampleMap.ThirdPersonExampleMap:PersistentLevel' has LevelScriptBlueprint '/Game/ThirdPersonBP/Maps/ThirdPersonExampleMap.ThirdPersonExampleMap:PersistentLevel.ThirdPersonExampleMap' with GeneratedClass '/Game/ThirdPersonBP/Maps/ThirdPersonExampleMap.ThirdPersonExampleMap_C' with ClassGeneratedBy '/Game/ThirdPersonBP/Maps/ThirdPersonExampleMap.ThirdPersonExampleMap:PersistentLevel.ThirdPersonExampleMap'
[2017.04.18-18.34.19:510][ 19]LogBlueprintUserMessages: [ISFP-AICharacter_576] 37
[2017.04.18-18.34.19:510][ 19]LogBlueprintUserMessages: [ISFP-AICharacter_576] 24
[2017.04.18-18.34.28:432][740]LogBlueprintUserMessages: [ESFJ-AICharacter] 28
[2017.04.18-18.34.28:432][740]LogBlueprintUserMessages: [ESFJ-AICharacter] 29
[2017.04.18-18.34.34:986][ 30]LogBlueprintUserMessages: [ISFP-AICharacter_576] 24
[2017.04.18-18.34.34:987][ 30]LogBlueprintUserMessages: [ISFP-AICharacter_576] 19
[2017.04.18-18.34.43:986][350]LogEditorViewport: Clicking on Actor (LMB): AICharacter_C (ENTJ - AICharacter)
[2017.04.18-18.34.48:054][528]LogBlueprintUserMessages: [ESTP-AICharacter] 10
[2017.04.18-18.34.48:054][528]LogBlueprintUserMessages: [ESTP-AICharacter] 1
[2017.04.18-18.34.58:022][799]LogEditorViewport: Clicking on Actor (LMB): StaticMeshActor (Floor4)
[2017.04.18-18.34.59:738][861]LogEditorViewport: Clicking on Actor (LMB): AICharacter_C (ENTP - AICharacter)
[2017.04.18-18.35.04:301][ 36]LogEditorViewport: Clicking on Actor (LMB): AICharacter_C (INFJ - AICharacter2)
[2017.04.18-18.35.10:512][318]LogBlueprintUserMessages: Early EndPlayMap Detection: Level '/Game/ThirdPersonBP/Maps/ThirdPersonExampleMap.ThirdPersonExampleMap:PersistentLevel' has LevelScriptBlueprint '/Game/ThirdPersonBP/Maps/ThirdPersonExampleMap.ThirdPersonExampleMap:PersistentLevel.ThirdPersonExampleMap' with GeneratedClass '/Game/ThirdPersonBP/Maps/ThirdPersonExampleMap.ThirdPersonExampleMap_C' with ClassGeneratedBy '/Game/ThirdPersonBP/Maps/ThirdPersonExampleMap.ThirdPersonExampleMap:PersistentLevel.ThirdPersonExampleMap'
[2017.04.18-18.35.10:706][318]LogBlueprintUserMessages: Late EndPlayMap Detection: Level '/Game/ThirdPersonBP/Maps/ThirdPersonExampleMap.ThirdPersonExampleMap:PersistentLevel' has LevelScriptBlueprint '/Game/ThirdPersonBP/Maps/ThirdPersonExampleMap.ThirdPersonExampleMap:PersistentLevel.ThirdPersonExampleMap' with GeneratedClass '/Game/ThirdPersonBP/Maps/ThirdPersonExampleMap.ThirdPersonExampleMap_C' with ClassGeneratedBy '/Game/ThirdPersonBP/Maps/ThirdPersonExampleMap.ThirdPersonExampleMap:PersistentLevel.ThirdPersonExampleMap'
[2017.04.18-18.37.18:954][412]BlueprintLog: New page: Compile AICharacter
[2017.04.18-18.37.21:392][510]LogTemp: Repeting last play command: Selected Viewport
[2017.04.18-18.37.21:441][510]LogBlueprintUserMessages: Early PlayInEditor Detection: Level '/Game/ThirdPersonBP/Maps/ThirdPersonExampleMap.ThirdPersonExampleMap:PersistentLevel' has LevelScriptBlueprint '/Game/ThirdPersonBP/Maps/ThirdPersonExampleMap.ThirdPersonExampleMap:PersistentLevel.ThirdPersonExampleMap' with GeneratedClass '/Game/ThirdPersonBP/Maps/ThirdPersonExampleMap.ThirdPersonExampleMap_C' with ClassGeneratedBy '/Game/ThirdPersonBP/Maps/ThirdPersonExampleMap.ThirdPersonExampleMap:PersistentLevel.ThirdPersonExampleMap'
[2017.04.18-18.37.21:441][510]LogPlayLevel: PlayLevel: No blueprints needed recompiling
[2017.04.18-18.37.21:441][510]PIE: New page: PIE session: ThirdPersonExampleMap (18 Apr 2017 20:37:21)
[2017.04.18-18.37.21:441][510]LogPlayLevel: Creating play world package: /Game/ThirdPersonBP/Maps/UEDPIE_0_ThirdPersonExampleMap
[2017.04.18-18.37.21:573][510]LogPlayLevel: PIE: StaticDuplicateObject took: (0.131452s)
[2017.04.18-18.37.21:573][510]LogAIModule: Creating AISystem for world ThirdPersonExampleMap
[2017.04.18-18.37.21:574][510]LogPlayLevel: PIE: World Init took: (0.001026s)
[2017.04.18-18.37.21:574][510]LogPlayLevel: PIE: Created PIE world by copying editor world from /Game/ThirdPersonBP/Maps/ThirdPersonExampleMap.ThirdPersonExampleMap to /Game/ThirdPersonBP/Maps/UEDPIE_0_ThirdPersonExampleMap.ThirdPersonExampleMap (0.133195s)
[2017.04.18-18.37.21:652][510]LogInit: XAudio2 using 'Speakers (Realtek High Definition Audio)' : 2 channels at 48 kHz using 32 bits per sample (channel mask 0x3)
[2017.04.18-18.37.21:663][510]LogInit: FAudioDevice initialized.
[2017.04.18-18.37.21:695][510]LogLoad: Game class is 'ThirdPersonGameMode_C'
[2017.04.18-18.37.21:730][510]LogWorld: Bringing World /Game/ThirdPersonBP/Maps/UEDPIE_0_ThirdPersonExampleMap.ThirdPersonExampleMap up for play (max tick rate 0) at 2017.04.18-19.37.21
[2017.04.18-18.37.21:740][510]LogWorld: Bringing up level for play took: 0.043556
[2017.04.18-18.37.21:741][510]LogGameMode:Display: Match State Changed from EnteringMap to WaitingToStart
[2017.04.18-18.37.21:741][510]LogGameState: Match State Changed from EnteringMap to WaitingToStart
[2017.04.18-18.37.21:741][510]LogGameMode:Display: Match State Changed from WaitingToStart to InProgress
[2017.04.18-18.37.21:751][510]LogGameState: Match State Changed from WaitingToStart to InProgress
[2017.04.18-18.37.21:751][510]PIE: Info Play in editor start time for /Game/ThirdPersonBP/Maps/UEDPIE_0_ThirdPersonExampleMap -0.378
[2017.04.18-18.37.21:751][510]LogBlueprintUserMessages: Late PlayInEditor Detection: Level '/Game/ThirdPersonBP/Maps/ThirdPersonExampleMap.ThirdPersonExampleMap:PersistentLevel' has LevelScriptBlueprint '/Game/ThirdPersonBP/Maps/ThirdPersonExampleMap.ThirdPersonExampleMap:PersistentLevel.ThirdPersonExampleMap' with GeneratedClass '/Game/ThirdPersonBP/Maps/ThirdPersonExampleMap.ThirdPersonExampleMap_C' with ClassGeneratedBy '/Game/ThirdPersonBP/Maps/ThirdPersonExampleMap.ThirdPersonExampleMap:PersistentLevel.ThirdPersonExampleMap'
[2017.04.18-18.37.27:914][956]LogEditorViewport: Clicking on Actor (LMB): AICharacter_C (ESTP - AICharacter)
[2017.04.18-18.37.44:178][385]LogEditorViewport: Clicking on Actor (LMB): AICharacter_C (ENFP - AICharacter)
[2017.04.18-18.37.46:107][483]LogBlueprintUserMessages: [ISFP-AICharacter_576] 6
[2017.04.18-18.37.46:108][483]LogBlueprintUserMessages: [ISFP-AICharacter_576] 10
[2017.04.18-18.37.54:685][753]LogEditorViewport: Clicking on Actor (LMB): AICharacter_C (INFJ - AICharacter2)
[2017.04.18-18.38.06:640][234]LogBlueprintUserMessages: [INFJ-AICharacter2] 29
[2017.04.18-18.38.06:640][234]LogBlueprintUserMessages: [INFJ-AICharacter2] 38
[2017.04.18-18.43.24:860][250]LogBlueprintUserMessages: [ESFJ-AICharacter] 9
[2017.04.18-18.43.24:860][250]LogBlueprintUserMessages: [ESFJ-AICharacter] 36
[2017.04.18-18.43.26:226][294]LogEditorViewport: Clicking on Actor (LMB): AICharacter_C (ISFP - AICharacter)
[2017.04.18-18.43.46:064][875]LogBlueprintUserMessages: [ESFJ-AICharacter] 42
[2017.04.18-18.43.46:064][875]LogBlueprintUserMessages: [ESFJ-AICharacter] 40
[2017.04.18-18.43.48:722][939]LogBlueprintUserMessages: [ISFP-AICharacter_576] 10
[2017.04.18-18.43.48:722][939]LogBlueprintUserMessages: [ISFP-AICharacter_576] 42
[2017.04.18-18.43.49:969][978]LogEditorViewport: Clicking on Actor (LMB): StaticMeshActor (Floor24)
[2017.04.18-18.43.51:064][ 20]LogEditorViewport: Clicking on Actor (LMB): AICharacter_C (ENFP - AICharacter)
[2017.04.18-18.44.00:580][272]LogEditorViewport: Clicking on Actor (LMB): StaticMeshActor (Wall_400x225)
[2017.04.18-18.44.01:162][293]LogEditorViewport: Clicking on Actor (LMB): AICharacter_C (ISFP - AICharacter)
[2017.04.18-18.44.07:544][528]LogBlueprintUserMessages: Early EndPlayMap Detection: Level '/Game/ThirdPersonBP/Maps/ThirdPersonExampleMap.ThirdPersonExampleMap:PersistentLevel' has LevelScriptBlueprint '/Game/ThirdPersonBP/Maps/ThirdPersonExampleMap.ThirdPersonExampleMap:PersistentLevel.ThirdPersonExampleMap' with GeneratedClass '/Game/ThirdPersonBP/Maps/ThirdPersonExampleMap.ThirdPersonExampleMap_C' with ClassGeneratedBy '/Game/ThirdPersonBP/Maps/ThirdPersonExampleMap.ThirdPersonExampleMap:PersistentLevel.ThirdPersonExampleMap'
[2017.04.18-18.44.07:752][528]LogBlueprintUserMessages: Late EndPlayMap Detection: Level '/Game/ThirdPersonBP/Maps/ThirdPersonExampleMap.ThirdPersonExampleMap:PersistentLevel' has LevelScriptBlueprint '/Game/ThirdPersonBP/Maps/ThirdPersonExampleMap.ThirdPersonExampleMap:PersistentLevel.ThirdPersonExampleMap' with GeneratedClass '/Game/ThirdPersonBP/Maps/ThirdPersonExampleMap.ThirdPersonExampleMap_C' with ClassGeneratedBy '/Game/ThirdPersonBP/Maps/ThirdPersonExampleMap.ThirdPersonExampleMap:PersistentLevel.ThirdPersonExampleMap'
[2017.04.18-18.50.26:443][853]LogSavePackage: Save=1732.90ms
[2017.04.18-18.50.26:443][853]LogSavePackage: Moving '../../../../../../Users/Tom/Documents/CrowdSim4.2/CrowdSim4.2/Saved/ThirdPersonExampleMap_Auto993B2AF6B415E66DC9A381FA797BA44BE.tmp' to '../../../../../../Users/Tom/Documents/CrowdSim4.2/CrowdSim4.2/Saved/Autosaves/Game/ThirdPersonBP/Maps/ThirdPersonExampleMap_Auto9.umap'
[2017.04.18-18.50.26:450][853]LogSavePackage:Display: Finished SavePackage ../../../../../../Users/Tom/Documents/CrowdSim4.2/CrowdSim4.2/Saved/Autosaves/Game/ThirdPersonBP/Maps/ThirdPersonExampleMap_Auto9.umap
[2017.04.18-18.50.26:452][853]LogFileHelpers: Editor autosave (incl. sublevels) for '/Game/ThirdPersonBP/Maps/ThirdPersonExampleMap' took 1.832
[2017.04.18-18.50.26:452][853]LogFileHelpers: Editor autosave (incl. sublevels) for all levels took 1.832
[2017.04.18-18.50.26:457][853]OBJ SavePackage: Generating thumbnails for [1] asset(s) in package [/Game/ThirdPersonBP/Blueprints/AICharacter] ([1] browsable assets)...
[2017.04.18-18.50.26:484][853]OBJ SavePackage:     Rendered thumbnail for [Blueprint /Game/ThirdPersonBP/Blueprints/AICharacter.AICharacter]
[2017.04.18-18.50.26:484][853]OBJ SavePackage: Finished generating thumbnails for package [/Game/ThirdPersonBP/Blueprints/AICharacter]
[2017.04.18-18.50.27:130][853]LogSavePackage: Save=536.38ms
[2017.04.18-18.50.27:130][853]LogSavePackage: Moving '../../../../../../Users/Tom/Documents/CrowdSim4.2/CrowdSim4.2/Saved/AICharacter_Auto954B0DAD14128A779CEE899A11A7F0623.tmp' to '../../../../../../Users/Tom/Documents/CrowdSim4.2/CrowdSim4.2/Saved/Autosaves/Game/ThirdPersonBP/Blueprints/AICharacter_Auto9.uasset'
[2017.04.18-18.50.27:132][853]LogSavePackage:Display: Finished SavePackage ../../../../../../Users/Tom/Documents/CrowdSim4.2/CrowdSim4.2/Saved/Autosaves/Game/ThirdPersonBP/Blueprints/AICharacter_Auto9.uasset
[2017.04.18-18.50.27:132][853]LogFileHelpers: Auto-saving content packages took 0.677
[2017.04.18-19.00.32:133][ 20]LogSavePackage: Save=1512.52ms
[2017.04.18-19.00.32:133][ 20]LogSavePackage: Moving '../../../../../../Users/Tom/Documents/CrowdSim4.2/CrowdSim4.2/Saved/ThirdPersonExampleMap599BDCF346845E0AF379528856D0F19D.tmp' to '../../../../../../Users/Tom/Documents/CrowdSim4.2/CrowdSim4.2/Content/ThirdPersonBP/Maps/ThirdPersonExampleMap.umap'
[2017.04.18-19.00.32:138][ 20]LogSavePackage:Display: Finished SavePackage ../../../../../../Users/Tom/Documents/CrowdSim4.2/CrowdSim4.2/Content/ThirdPersonBP/Maps/ThirdPersonExampleMap.umap
[2017.04.18-19.00.32:235][ 20]LogFileHelpers: Saving map 'ThirdPersonExampleMap' took 1.781
[2017.04.18-19.00.32:840][ 20]LogSavePackage: Save=595.25ms
[2017.04.18-19.00.32:841][ 20]LogSavePackage: Moving '../../../../../../Users/Tom/Documents/CrowdSim4.2/CrowdSim4.2/Saved/AICharacterDF53ECD3448D0F592B7CB9B0A00BC50A.tmp' to '../../../../../../Users/Tom/Documents/CrowdSim4.2/CrowdSim4.2/Content/ThirdPersonBP/Blueprints/AICharacter.uasset'
[2017.04.18-19.00.32:846][ 20]LogSavePackage:Display: Finished SavePackage ../../../../../../Users/Tom/Documents/CrowdSim4.2/CrowdSim4.2/Content/ThirdPersonBP/Blueprints/AICharacter.uasset
[2017.04.18-19.00.34:202][ 72]Cmd: QUIT_EDITOR
[2017.04.18-19.00.34:333][ 72]LogExit: Preparing to exit.
[2017.04.18-19.00.34:712][ 72]LogDirectoryWatcher: A directory notification for 'C:/Users/Tom/Documents/CrowdSim4.2/CrowdSim4.2/Content/' was aborted.
[2017.04.18-19.00.34:817][ 72]LogExit: Editor shut down
[2017.04.18-19.00.34:817][ 72]LogExit: Transaction tracking system shut down
[2017.04.18-19.00.35:200][ 72]LogObj: Freed 0b from 0 cluster array pools.
[2017.04.18-19.00.35:203][ 72]LogExit: Object subsystem successfully closed.
[2017.04.18-19.00.35:242][ 72]LogD3D11RHI: Shutdown
[2017.04.18-19.00.35:243][ 72]LogD3D11RHI: CleanupD3DDevice
[2017.04.18-19.00.35:416][ 72]LogD3D11RHI: ~FD3D11DynamicRHI
[2017.04.18-19.00.35:476][ 72]LogHttp:Display: Http module shutting down, but needs to wait on 1 outstanding Http requests:
[2017.04.18-19.00.35:476][ 72]LogHttp:Display: 	verb=[POST] url=[https://datarouter.ol.epicgames.com/datarouter/api/v1/public/data?SessionID=%7BEBAD69B8-46A9-2037-2DB4-D28AF6B36C2E%7D&AppID=UEEditor.Rocket.Release&AppVersion=4.14.3-3249277%2B%2B%2BUE4%2BRelease-4.14&UserID=1243712f4f6dfa18c002f991002581d1%7C51e0ae38cfaf4aaca7ef5aa72829bed9%7C3b208f94-eede-4c57-b52a-479bd688ce77&AppEnvironment=datacollector-binary&UploadType=eteventstream] status=Processing
[2017.04.18-19.00.35:512][ 72]LogModuleManager: Shutting down and abandoning module MovieSceneCapture (245)
[2017.04.18-19.00.35:512][ 72]LogModuleManager: Shutting down and abandoning module BlueprintGraph (244)
[2017.04.18-19.00.35:512][ 72]LogModuleManager: Shutting down and abandoning module BlueprintProfiler (243)
[2017.04.18-19.00.35:513][ 72]LogModuleManager: Shutting down and abandoning module HierarchicalLODOutliner (242)
[2017.04.18-19.00.35:514][ 72]LogModuleManager: Shutting down and abandoning module CrashTracker (241)
[2017.04.18-19.00.35:514][ 72]LogModuleManager: Shutting down and abandoning module SceneOutliner (240)
[2017.04.18-19.00.35:514][ 72]LogModuleManager: Shutting down and abandoning module WidgetCarousel (239)
[2017.04.18-19.00.35:514][ 72]LogModuleManager: Shutting down and abandoning module AddContentDialog (238)
[2017.04.18-19.00.35:515][ 72]LogDirectoryWatcher: A directory notification for 'C:/Program Files/Epic Games/UE_4.14/FeaturePacks/' was aborted.
[2017.04.18-19.00.35:517][ 72]LogModuleManager: Shutting down and abandoning module GameplayTags (237)
[2017.04.18-19.00.35:517][ 72]LogModuleManager: Shutting down and abandoning module EditorWidgets (236)
[2017.04.18-19.00.35:517][ 72]LogModuleManager: Shutting down and abandoning module CollectionManager (235)
[2017.04.18-19.00.35:518][ 72]LogDirectoryWatcher: A directory notification for 'C:/Users/Tom/Documents/CrowdSim4.2/CrowdSim4.2/Content/Collections/' was aborted.
[2017.04.18-19.00.35:518][ 72]LogDirectoryWatcher: A directory notification for 'C:/Users/Tom/Documents/CrowdSim4.2/CrowdSim4.2/Content/Developers/Tom/Collections/' was aborted.
[2017.04.18-19.00.35:518][ 72]LogDirectoryWatcher: A directory notification for 'C:/Users/Tom/Documents/CrowdSim4.2/CrowdSim4.2/Saved/Collections/' was aborted.
[2017.04.18-19.00.35:518][ 72]LogModuleManager: Shutting down and abandoning module StatsViewer (234)
[2017.04.18-19.00.35:519][ 72]LogModuleManager: Shutting down and abandoning module FoliageEdit (233)
[2017.04.18-19.00.35:519][ 72]LogModuleManager: Shutting down and abandoning module LandscapeEditor (232)
[2017.04.18-19.00.35:521][ 72]LogModuleManager: Shutting down and abandoning module SceneDepthPickerMode (231)
[2017.04.18-19.00.35:521][ 72]LogModuleManager: Shutting down and abandoning module ActorPickerMode (230)
[2017.04.18-19.00.35:521][ 72]LogModuleManager: Shutting down and abandoning module GeometryMode (229)
[2017.04.18-19.00.35:521][ 72]LogModuleManager: Shutting down and abandoning module TextureAlignMode (228)
[2017.04.18-19.00.35:521][ 72]LogModuleManager: Shutting down and abandoning module BspMode (227)
[2017.04.18-19.00.35:521][ 72]LogModuleManager: Shutting down and abandoning module HardwareSurvey (226)
[2017.04.18-19.00.35:521][ 72]LogModuleManager: Shutting down and abandoning module SequenceRecorderSections (225)
[2017.04.18-19.00.35:522][ 72]LogModuleManager: Shutting down and abandoning module AutomationWorker (224)
[2017.04.18-19.00.35:522][ 72]LogModuleManager: Shutting down and abandoning module MatineeToLevelSequence (223)
[2017.04.18-19.00.35:523][ 72]LogModuleManager: Shutting down and abandoning module PlacementMode (222)
[2017.04.18-19.00.35:523][ 72]LogModuleManager: Shutting down and abandoning module LevelSequenceEditor (221)
[2017.04.18-19.00.35:526][ 72]LogModuleManager: Shutting down and abandoning module WmfMediaFactory (220)
[2017.04.18-19.00.35:526][ 72]LogModuleManager: Shutting down and abandoning module WmfMediaEditor (219)
[2017.04.18-19.00.35:526][ 72]LogModuleManager: Shutting down and abandoning module AvfMediaFactory (218)
[2017.04.18-19.00.35:526][ 72]LogModuleManager: Shutting down and abandoning module AvfMediaEditor (217)
[2017.04.18-19.00.35:526][ 72]LogModuleManager: Shutting down and abandoning module Media (216)
[2017.04.18-19.00.35:526][ 72]LogModuleManager: Shutting down and abandoning module AndroidMediaFactory (215)
[2017.04.18-19.00.35:526][ 72]LogModuleManager: Shutting down and abandoning module AndroidMediaEditor (214)
[2017.04.18-19.00.35:526][ 72]LogModuleManager: Shutting down and abandoning module CharacterAI (213)
[2017.04.18-19.00.35:526][ 72]LogModuleManager: Shutting down and abandoning module SequenceRecorder (212)
[2017.04.18-19.00.35:528][ 72]LogModuleManager: Shutting down and abandoning module AudioCapture (211)
[2017.04.18-19.00.35:528][ 72]LogModuleManager: Shutting down and abandoning module SmartSnapping (210)
[2017.04.18-19.00.35:528][ 72]LogModuleManager: Shutting down and abandoning module SessionServices (209)
[2017.04.18-19.00.35:528][ 72]LogModuleManager: Shutting down and abandoning module ViewportSnapping (208)
[2017.04.18-19.00.35:528][ 72]LogModuleManager: Shutting down and abandoning module ViewportInteraction (207)
[2017.04.18-19.00.35:528][ 72]LogModuleManager: Shutting down and abandoning module LogVisualizer (206)
[2017.04.18-19.00.35:536][ 72]LogModuleManager: Shutting down and abandoning module GameProjectGeneration (205)
[2017.04.18-19.00.35:538][ 72]LogModuleManager: Shutting down and abandoning module IntroTutorials (204)
[2017.04.18-19.00.35:538][ 72]LogModuleManager: Shutting down and abandoning module EditorLiveStreaming (203)
[2017.04.18-19.00.35:538][ 72]LogModuleManager: Shutting down and abandoning module IOSPlatformEditor (202)
[2017.04.18-19.00.35:539][ 72]LogModuleManager: Shutting down and abandoning module HTML5PlatformEditor (201)
[2017.04.18-19.00.35:539][ 72]LogModuleManager: Shutting down and abandoning module AndroidDeviceDetection (200)
[2017.04.18-19.00.35:722][ 72]LogModuleManager: Shutting down and abandoning module AndroidPlatformEditor (199)
[2017.04.18-19.00.35:723][ 72]LogModuleManager: Shutting down and abandoning module IOSRuntimeSettings (198)
[2017.04.18-19.00.35:723][ 72]LogModuleManager: Shutting down and abandoning module AndroidRuntimeSettings (197)
[2017.04.18-19.00.35:723][ 72]LogModuleManager: Shutting down and abandoning module InputBindingEditor (196)
[2017.04.18-19.00.35:723][ 72]LogModuleManager: Shutting down and abandoning module NiagaraEditor (195)
[2017.04.18-19.00.35:725][ 72]LogModuleManager: Shutting down and abandoning module MergeActors (194)
[2017.04.18-19.00.35:726][ 72]LogModuleManager: Shutting down and abandoning module SizeMap (193)
[2017.04.18-19.00.35:727][ 72]LogModuleManager: Shutting down and abandoning module TreeMap (192)
[2017.04.18-19.00.35:728][ 72]LogModuleManager: Shutting down and abandoning module ReferenceViewer (191)
[2017.04.18-19.00.35:728][ 72]LogModuleManager: Shutting down and abandoning module LocalizationService (190)
[2017.04.18-19.00.35:728][ 72]LogModuleManager: Shutting down and abandoning module LocalizationDashboard (189)
[2017.04.18-19.00.35:729][ 72]LogModuleManager: Shutting down and abandoning module HardwareTargeting (188)
[2017.04.18-19.00.35:730][ 72]LogModuleManager: Shutting down and abandoning module DeviceProfileEditor (187)
[2017.04.18-19.00.35:731][ 72]LogModuleManager: Shutting down and abandoning module UndoHistory (186)
[2017.04.18-19.00.35:731][ 72]LogModuleManager: Shutting down and abandoning module UserFeedback (185)
[2017.04.18-19.00.35:731][ 72]LogModuleManager: Shutting down and abandoning module XmlParser (184)
[2017.04.18-19.00.35:731][ 72]LogModuleManager: Shutting down and abandoning module Blutility (183)
[2017.04.18-19.00.35:732][ 72]LogModuleManager: Shutting down and abandoning module ProjectTargetPlatformEditor (182)
[2017.04.18-19.00.35:732][ 72]LogModuleManager: Shutting down and abandoning module ProjectSettingsViewer (181)
[2017.04.18-19.00.35:732][ 72]LogModuleManager: Shutting down and abandoning module EditorSettingsViewer (180)
[2017.04.18-19.00.35:732][ 72]LogModuleManager: Shutting down and abandoning module SettingsEditor (179)
[2017.04.18-19.00.35:733][ 72]LogModuleManager: Shutting down and abandoning module ProjectLauncher (178)
[2017.04.18-19.00.35:735][ 72]LogModuleManager: Shutting down and abandoning module SessionFrontend (177)
[2017.04.18-19.00.35:735][ 72]LogModuleManager: Shutting down and abandoning module ProfilerClient (176)
[2017.04.18-19.00.35:736][ 72]LogModuleManager: Shutting down and abandoning module TargetDeviceServices (175)
[2017.04.18-19.00.35:736][ 72]LogModuleManager: Shutting down and abandoning module DeviceManager (174)
[2017.04.18-19.00.35:777][ 72]LogModuleManager: Shutting down and abandoning module AutomationController (173)
[2017.04.18-19.00.35:778][ 72]LogModuleManager: Shutting down and abandoning module AutomationWindow (172)
[2017.04.18-19.00.35:780][ 72]LogModuleManager: Shutting down and abandoning module Layers (171)
[2017.04.18-19.00.35:782][ 72]LogModuleManager: Shutting down and abandoning module ComponentVisualizers (170)
[2017.04.18-19.00.35:782][ 72]LogModuleManager: Shutting down and abandoning module DetailCustomizations (169)
[2017.04.18-19.00.35:782][ 72]LogModuleManager: Shutting down and abandoning module PackagesDialog (168)
[2017.04.18-19.00.35:782][ 72]LogModuleManager: Shutting down and abandoning module AnimGraph (167)
[2017.04.18-19.00.35:782][ 72]LogModuleManager: Shutting down and abandoning module Persona (166)
[2017.04.18-19.00.35:783][ 72]LogModuleManager: Shutting down and abandoning module Kismet (165)
[2017.04.18-19.00.35:796][ 72]LogModuleManager: Shutting down and abandoning module GraphEditor (164)
[2017.04.18-19.00.35:796][ 72]LogModuleManager: Shutting down and abandoning module ClassViewer (163)
[2017.04.18-19.00.35:797][ 72]LogModuleManager: Shutting down and abandoning module Toolbox (162)
[2017.04.18-19.00.35:797][ 72]LogModuleManager: Shutting down and abandoning module ModuleUI (161)
[2017.04.18-19.00.35:798][ 72]LogModuleManager: Shutting down and abandoning module MovieSceneTools (160)
[2017.04.18-19.00.35:799][ 72]LogModuleManager: Shutting down and abandoning module OutputLog (159)
[2017.04.18-19.00.35:799][ 72]LogModuleManager: Shutting down and abandoning module GammaUI (158)
[2017.04.18-19.00.35:800][ 72]LogModuleManager: Shutting down and abandoning module Documentation (157)
[2017.04.18-19.00.35:800][ 72]LogModuleManager: Shutting down and abandoning module Niagara (156)
[2017.04.18-19.00.35:800][ 72]LogModuleManager: Shutting down and abandoning module StreamingPauseRendering (155)
[2017.04.18-19.00.35:800][ 72]LogModuleManager: Shutting down and abandoning module AnalyticsET (154)
[2017.04.18-19.00.35:800][ 72]LogModuleManager: Shutting down and abandoning module PortalServices (153)
[2017.04.18-19.00.35:800][ 72]LogModuleManager: Shutting down and abandoning module PortalRpc (152)
[2017.04.18-19.00.35:800][ 72]LogModuleManager: Shutting down and abandoning module MessagingRpc (151)
[2017.04.18-19.00.35:800][ 72]LogModuleManager: Shutting down and abandoning module GameplayDebugger (150)
[2017.04.18-19.00.35:801][ 72]LogModuleManager: Shutting down and abandoning module AITestSuite (149)
[2017.04.18-19.00.35:801][ 72]LogModuleManager: Shutting down and abandoning module AIModule (148)
[2017.04.18-19.00.35:801][ 72]LogModuleManager: Shutting down and abandoning module ProfilerService (147)
[2017.04.18-19.00.35:840][ 72]LogModuleManager: Shutting down and abandoning module TaskGraph (146)
[2017.04.18-19.00.35:841][ 72]LogModuleManager: Shutting down and abandoning module SlateRemote (145)
[2017.04.18-19.00.35:841][ 72]LogModuleManager: Shutting down and abandoning module SteamVRController (144)
[2017.04.18-19.00.35:841][ 72]LogModuleManager: Shutting down and abandoning module SteamVR (143)
[2017.04.18-19.00.35:841][ 72]LogModuleManager: Shutting down and abandoning module ProceduralMeshComponentEditor (142)
[2017.04.18-19.00.35:842][ 72]LogModuleManager: Shutting down and abandoning module ProceduralMeshComponent (141)
[2017.04.18-19.00.35:842][ 72]LogModuleManager: Shutting down and abandoning module OculusLibrary (140)
[2017.04.18-19.00.35:842][ 72]LogModuleManager: Shutting down and abandoning module OculusInput (139)
[2017.04.18-19.00.35:843][ 72]LogModuleManager: Shutting down and abandoning module MobilePatchingUtils (138)
[2017.04.18-19.00.35:843][ 72]LogModuleManager: Shutting down and abandoning module CustomMeshComponent (137)
[2017.04.18-19.00.35:843][ 72]LogModuleManager: Shutting down and abandoning module CableComponent (136)
[2017.04.18-19.00.35:843][ 72]LogModuleManager: Shutting down and abandoning module ArchVisCharacter (135)
[2017.04.18-19.00.35:843][ 72]LogModuleManager: Shutting down and abandoning module MediaPlayerEditor (133)
[2017.04.18-19.00.35:846][ 72]LogModuleManager: Shutting down and abandoning module HTML5Networking (132)
[2017.04.18-19.00.35:846][ 72]LogModuleManager: Shutting down and abandoning module GeometryCacheEd (131)
[2017.04.18-19.00.35:846][ 72]LogModuleManager: Shutting down and abandoning module GeometryCache (130)
[2017.04.18-19.00.35:846][ 72]LogModuleManager: Shutting down and abandoning module AlembicLibrary (129)
[2017.04.18-19.00.35:846][ 72]LogModuleManager: Shutting down and abandoning module AlembicImporter (128)
[2017.04.18-19.00.35:847][ 72]LogModuleManager: Shutting down and abandoning module SuperSearch (127)
[2017.04.18-19.00.35:847][ 72]LogModuleManager: Shutting down and abandoning module SuperSearchEditor (126)
[2017.04.18-19.00.35:847][ 72]LogModuleManager: Shutting down and abandoning module SpeedTreeImporter (125)
[2017.04.18-19.00.35:847][ 72]LogModuleManager: Shutting down and abandoning module PluginBrowser (124)
[2017.04.18-19.00.35:849][ 72]LogModuleManager: Shutting down and abandoning module MobileLauncherProfileWizard (123)
[2017.04.18-19.00.35:850][ 72]LogModuleManager: Shutting down and abandoning module EpicSurvey (122)
[2017.04.18-19.00.35:850][ 72]LogModuleManager: Shutting down and abandoning module DesktopPlatform (121)
[2017.04.18-19.00.35:851][ 72]LogModuleManager: Shutting down and abandoning module VisualStudioSourceCodeAccess (120)
[2017.04.18-19.00.35:851][ 72]LogModuleManager: Shutting down and abandoning module UObjectPlugin (119)
[2017.04.18-19.00.35:851][ 72]LogModuleManager: Shutting down and abandoning module SubversionSourceControl (118)
[2017.04.18-19.00.35:852][ 72]LogModuleManager: Shutting down and abandoning module PerforceSourceControl (117)
[2017.04.18-19.00.35:854][ 72]LogModuleManager: Shutting down and abandoning module SourceControl (116)
[2017.04.18-19.00.35:854][ 72]LogModuleManager: Shutting down and abandoning module GitSourceControl (115)
[2017.04.18-19.00.35:854][ 72]LogModuleManager: Shutting down and abandoning module LightPropagationVolumeEditor (114)
[2017.04.18-19.00.35:854][ 72]LogModuleManager: Shutting down and abandoning module PaperTiledImporter (113)
[2017.04.18-19.00.35:855][ 72]LogModuleManager: Shutting down and abandoning module PaperSpriteSheetImporter (112)
[2017.04.18-19.00.35:855][ 72]LogModuleManager: Shutting down and abandoning module MeshPaint (111)
[2017.04.18-19.00.35:855][ 72]LogModuleManager: Shutting down and abandoning module PixelInspectorModule (110)
[2017.04.18-19.00.35:855][ 72]LogModuleManager: Shutting down and abandoning module HotReload (109)
[2017.04.18-19.00.35:855][ 72]LogDirectoryWatcher: A directory notification for 'C:/Users/Tom/Documents/CrowdSim4.2/CrowdSim4.2/Binaries/Win64' was aborted.
[2017.04.18-19.00.35:857][ 72]LogModuleManager: Shutting down and abandoning module MainFrame (108)
[2017.04.18-19.00.35:857][ 72]LogModuleManager: Shutting down and abandoning module LevelEditor (107)
[2017.04.18-19.00.35:859][ 72]LogModuleManager: Shutting down and abandoning module ContentBrowser (106)
[2017.04.18-19.00.35:861][ 72]LogModuleManager: Shutting down and abandoning module Paper2DEditor (105)
[2017.04.18-19.00.35:862][ 72]LogModuleManager: Shutting down and abandoning module CrowdSim (104)
[2017.04.18-19.00.35:862][ 72]LogModuleManager: Shutting down and abandoning module UdpMessaging (103)
[2017.04.18-19.00.35:962][ 72]LogModuleManager: Shutting down and abandoning module TcpMessaging (102)
[2017.04.18-19.00.36:062][ 72]LogModuleManager: Shutting down and abandoning module LightPropagationVolumeRuntime (101)
[2017.04.18-19.00.36:062][ 72]LogModuleManager: Shutting down and abandoning module Paper2D (100)
[2017.04.18-19.00.36:062][ 72]LogModuleManager: Shutting down and abandoning module WindowsMoviePlayer (99)
[2017.04.18-19.00.36:063][ 72]LogModuleManager: Shutting down and abandoning module WmfMedia (98)
[2017.04.18-19.00.36:079][ 72]LogModuleManager: Shutting down and abandoning module MediaAssets (97)
[2017.04.18-19.00.36:080][ 72]LogModuleManager: Shutting down and abandoning module GameLiveStreaming (96)
[2017.04.18-19.00.36:081][ 72]LogModuleManager: Shutting down and abandoning module GameplayTagsEditor (95)
[2017.04.18-19.00.36:081][ 72]LogModuleManager: Shutting down and abandoning module VREditor (94)
[2017.04.18-19.00.36:081][ 72]LogModuleManager: Shutting down and abandoning module GameplayTasksEditor (93)
[2017.04.18-19.00.36:081][ 72]LogModuleManager: Shutting down and abandoning module BehaviorTreeEditor (92)
[2017.04.18-19.00.36:089][ 72]LogModuleManager: Shutting down and abandoning module FunctionalTesting (91)
[2017.04.18-19.00.36:091][ 72]LogModuleManager: Shutting down and abandoning module CollisionAnalyzer (90)
[2017.04.18-19.00.36:094][ 72]LogModuleManager: Shutting down and abandoning module Sequencer (89)
[2017.04.18-19.00.36:097][ 72]LogModuleManager: Shutting down and abandoning module WorkspaceMenuStructure (88)
[2017.04.18-19.00.36:097][ 72]LogModuleManager: Shutting down and abandoning module MessageLog (87)
[2017.04.18-19.00.36:097][ 72]LogModuleManager: Shutting down and abandoning module AssetTools (86)
[2017.04.18-19.00.36:102][ 72]LogModuleManager: Shutting down and abandoning module UMGEditor (85)
[2017.04.18-19.00.36:104][ 72]LogModuleManager: Shutting down and abandoning module UMG (84)
[2017.04.18-19.00.36:106][ 72]LogModuleManager: Shutting down and abandoning module SlateReflector (83)
[2017.04.18-19.00.36:112][ 72]LogModuleManager: Shutting down and abandoning module Slate (82)
[2017.04.18-19.00.36:112][ 72]LogModuleManager: Shutting down and abandoning module EditorStyle (81)
[2017.04.18-19.00.36:116][ 72]LogModuleManager: Shutting down and abandoning module SourceCodeAccess (80)
[2017.04.18-19.00.36:116][ 72]LogModuleManager: Shutting down and abandoning module HeadMountedDisplay (79)
[2017.04.18-19.00.36:117][ 72]LogModuleManager: Shutting down and abandoning module XAudio2 (78)
[2017.04.18-19.00.36:117][ 72]LogModuleManager: Shutting down and abandoning module Networking (76)
[2017.04.18-19.00.36:117][ 72]LogModuleManager: Shutting down and abandoning module Core (75)
[2017.04.18-19.00.36:117][ 72]LogModuleManager: Shutting down and abandoning module DirectoryWatcher (74)
[2017.04.18-19.00.36:117][ 72]LogDirectoryWatcher: A directory notification for '../../../Engine/Content/' was aborted.
[2017.04.18-19.00.36:117][ 72]LogDirectoryWatcher: A directory notification for '../../../../../../Users/Tom/Documents/CrowdSim4.2/CrowdSim4.2/Content/' was aborted.
[2017.04.18-19.00.36:117][ 72]LogDirectoryWatcher: A directory notification for '../../../Engine/Plugins/2D/Paper2D/Content/' was aborted.
[2017.04.18-19.00.36:118][ 72]LogModuleManager: Shutting down and abandoning module AssetRegistry (73)
[2017.04.18-19.00.36:268][ 72]LogModuleManager: Shutting down and abandoning module KismetCompiler (72)
[2017.04.18-19.00.36:268][ 72]LogModuleManager: Shutting down and abandoning module PhysXFormats (71)
[2017.04.18-19.00.36:269][ 72]LogModuleManager: Shutting down and abandoning module SimplygonSwarm (70)
[2017.04.18-19.00.36:270][ 72]LogModuleManager: Shutting down and abandoning module SimplygonMeshReduction (69)
[2017.04.18-19.00.36:270][ 72]LogModuleManager: Shutting down and abandoning module QuadricMeshReduction (68)
[2017.04.18-19.00.36:271][ 72]LogModuleManager: Shutting down and abandoning module PropertyEditor (67)
[2017.04.18-19.00.36:271][ 72]LogModuleManager: Shutting down and abandoning module MeshUtilities (66)
[2017.04.18-19.00.36:276][ 72]LogModuleManager: Shutting down and abandoning module DerivedDataCache (65)
[2017.04.18-19.00.36:363][ 72]LogDerivedDataCache: Shutdown
[2017.04.18-19.00.36:363][ 72]LogModuleManager: Shutting down and abandoning module VulkanShaderFormat (64)
[2017.04.18-19.00.36:367][ 72]LogModuleManager: Shutting down and abandoning module ShaderFormatOpenGL (63)
[2017.04.18-19.00.36:368][ 72]LogModuleManager: Shutting down and abandoning module ShaderFormatD3D (62)
[2017.04.18-19.00.36:369][ 72]LogModuleManager: Shutting down and abandoning module MetalShaderFormat (61)
[2017.04.18-19.00.36:369][ 72]LogModuleManager: Shutting down and abandoning module TextureFormatUncompressed (60)
[2017.04.18-19.00.36:369][ 72]LogModuleManager: Shutting down and abandoning module TextureFormatPVR (59)
[2017.04.18-19.00.36:370][ 72]LogModuleManager: Shutting down and abandoning module TextureFormatDXT (58)
[2017.04.18-19.00.36:370][ 72]LogModuleManager: Shutting down and abandoning module TextureFormatIntelISPCTexComp (57)
[2017.04.18-19.00.36:371][ 72]LogModuleManager: Shutting down and abandoning module ImageWrapper (56)
[2017.04.18-19.00.36:371][ 72]LogModuleManager: Shutting down and abandoning module TextureFormatASTC (55)
[2017.04.18-19.00.36:371][ 72]LogModuleManager: Shutting down and abandoning module TextureFormatAndroid (54)
[2017.04.18-19.00.36:371][ 72]LogModuleManager: Shutting down and abandoning module AudioFormatOpus (53)
[2017.04.18-19.00.36:372][ 72]LogModuleManager: Shutting down and abandoning module AudioFormatOgg (52)
[2017.04.18-19.00.36:372][ 72]LogModuleManager: Shutting down and abandoning module AudioFormatADPCM (51)
[2017.04.18-19.00.36:372][ 72]LogModuleManager: Shutting down and abandoning module LinuxTargetPlatform (50)
[2017.04.18-19.00.36:372][ 72]LogModuleManager: Shutting down and abandoning module LinuxServerTargetPlatform (49)
[2017.04.18-19.00.36:373][ 72]LogModuleManager: Shutting down and abandoning module LinuxNoEditorTargetPlatform (48)
[2017.04.18-19.00.36:396][ 72]LogModuleManager: Shutting down and abandoning module LinuxClientTargetPlatform (47)
[2017.04.18-19.00.36:398][ 72]LogModuleManager: Shutting down and abandoning module TVOSTargetPlatform (46)
[2017.04.18-19.00.36:398][ 72]LogModuleManager: Shutting down and abandoning module Messaging (45)
[2017.04.18-19.00.36:398][ 72]LogModuleManager: Shutting down and abandoning module IOSTargetPlatform (44)
[2017.04.18-19.00.36:399][ 72]LogModuleManager: Shutting down and abandoning module HTML5TargetPlatform (43)
[2017.04.18-19.00.36:399][ 72]LogModuleManager: Shutting down and abandoning module Android_PVRTCTargetPlatform (42)
[2017.04.18-19.00.36:399][ 72]LogModuleManager: Shutting down and abandoning module Android_MultiTargetPlatform (41)
[2017.04.18-19.00.36:399][ 72]LogModuleManager: Shutting down and abandoning module Android_ETC2TargetPlatform (40)
[2017.04.18-19.00.36:399][ 72]LogModuleManager: Shutting down and abandoning module Android_ETC1TargetPlatform (39)
[2017.04.18-19.00.36:399][ 72]LogModuleManager: Shutting down and abandoning module Android_DXTTargetPlatform (38)
[2017.04.18-19.00.36:399][ 72]LogModuleManager: Shutting down and abandoning module Android_ATCTargetPlatform (37)
[2017.04.18-19.00.36:399][ 72]LogModuleManager: Shutting down and abandoning module Android_ASTCTargetPlatform (36)
[2017.04.18-19.00.36:399][ 72]LogModuleManager: Shutting down and abandoning module AndroidTargetPlatform (35)
[2017.04.18-19.00.36:399][ 72]LogModuleManager: Shutting down and abandoning module WindowsTargetPlatform (34)
[2017.04.18-19.00.36:399][ 72]LogModuleManager: Shutting down and abandoning module WindowsServerTargetPlatform (33)
[2017.04.18-19.00.36:403][ 72]LogModuleManager: Shutting down and abandoning module WindowsNoEditorTargetPlatform (32)
[2017.04.18-19.00.36:404][ 72]LogModuleManager: Shutting down and abandoning module WindowsClientTargetPlatform (31)
[2017.04.18-19.00.36:405][ 72]LogModuleManager: Shutting down and abandoning module MacTargetPlatform (30)
[2017.04.18-19.00.36:405][ 72]LogModuleManager: Shutting down and abandoning module MacServerTargetPlatform (29)
[2017.04.18-19.00.36:405][ 72]LogModuleManager: Shutting down and abandoning module MacNoEditorTargetPlatform (28)
[2017.04.18-19.00.36:405][ 72]LogModuleManager: Shutting down and abandoning module MacClientTargetPlatform (27)
[2017.04.18-19.00.36:406][ 72]LogModuleManager: Shutting down and abandoning module AllDesktopTargetPlatform (26)
[2017.04.18-19.00.36:406][ 72]LogModuleManager: Shutting down and abandoning module TargetPlatform (25)
[2017.04.18-19.00.36:406][ 72]LogModuleManager: Shutting down and abandoning module InputCore (24)
[2017.04.18-19.00.36:406][ 72]LogModuleManager: Shutting down and abandoning module Settings (23)
[2017.04.18-19.00.36:406][ 72]LogModuleManager: Shutting down and abandoning module OculusRift (22)
[2017.04.18-19.00.36:406][ 72]LogModuleManager: Shutting down and abandoning module ExampleDeviceProfileSelector (21)
[2017.04.18-19.00.36:406][ 72]LogModuleManager: Shutting down and abandoning module OnlineBlueprintSupport (20)
[2017.04.18-19.00.36:407][ 72]LogModuleManager: Shutting down and abandoning module OnlineSubsystem (18)
[2017.04.18-19.00.36:407][ 72]LogOnline:Display: Unloading online subsystem: NULL
[2017.04.18-19.00.36:410][ 72]LogModuleManager: Shutting down and abandoning module SSL (17)
[2017.04.18-19.00.36:414][ 72]LogModuleManager: Shutting down and abandoning module HTTP (16)
[2017.04.18-19.00.36:414][ 72]LogModuleManager: Shutting down and abandoning module XMPP (15)
[2017.04.18-19.00.36:416][ 72]LogModuleManager: Shutting down and abandoning module TextureCompressor (14)
[2017.04.18-19.00.36:418][ 72]LogModuleManager: Shutting down and abandoning module ShaderCore (13)
[2017.04.18-19.00.36:418][ 72]LogModuleManager: Shutting down and abandoning module Landscape (12)
[2017.04.18-19.00.36:418][ 72]LogModuleManager: Shutting down and abandoning module SlateRHIRenderer (11)
[2017.04.18-19.00.36:427][ 72]LogModuleManager: Shutting down and abandoning module OpenGLDrv (10)
[2017.04.18-19.00.36:428][ 72]LogModuleManager: Shutting down and abandoning module D3D11RHI (9)
[2017.04.18-19.00.36:428][ 72]LogModuleManager: Shutting down and abandoning module AnimGraphRuntime (8)
[2017.04.18-19.00.36:428][ 72]LogModuleManager: Shutting down and abandoning module Renderer (7)
[2017.04.18-19.00.36:428][ 72]LogModuleManager: Shutting down and abandoning module Engine (6)
[2017.04.18-19.00.36:429][ 72]LogModuleManager: Shutting down and abandoning module CoreUObject (5)
[2017.04.18-19.00.36:429][ 72]LogModuleManager: Shutting down and abandoning module NetworkFile (4)
[2017.04.18-19.00.36:429][ 72]LogModuleManager: Shutting down and abandoning module StreamingFile (3)
[2017.04.18-19.00.36:429][ 72]LogModuleManager: Shutting down and abandoning module SandboxFile (2)
[2017.04.18-19.00.36:429][ 72]LogModuleManager: Shutting down and abandoning module PakFile (1)
[2017.04.18-19.00.36:432][ 72]LogExit: Exiting.
[2017.04.18-19.00.36:435][ 72]Log file closed, 04/18/17 20:00:36
